2010-08-13T14:56:28+02:00 ERR (3): exception 'Zend_Controller_Dispatcher_Exception' with message 'Invalid controller specified (css)' in /Users/stefanooldeman/Sites/local.blog/lib/Zend/Controller/Dispatcher/Standard.php:248
Stack trace:
#0 /Users/stefanooldeman/Sites/local.blog/lib/Zend/Controller/Front.php(954): Zend_Controller_Dispatcher_Standard->dispatch(Object(Zend_Controller_Request_Http), Object(Zend_Controller_Response_Http))
#1 /Users/stefanooldeman/Sites/local.blog/lib/Zend/Application/Bootstrap/Bootstrap.php(97): Zend_Controller_Front->dispatch()
#2 /Users/stefanooldeman/Sites/local.blog/lib/Zend/Application.php(366): Zend_Application_Bootstrap_Bootstrap->run()
#3 /Users/stefanooldeman/Sites/local.blog/public/index.php(27): Zend_Application->run()
#4 {main}
2010-08-13T14:57:05+02:00 ERR (3): exception 'Zend_Controller_Dispatcher_Exception' with message 'Invalid controller specified (css)' in /Users/stefanooldeman/Sites/local.blog/lib/Zend/Controller/Dispatcher/Standard.php:248
Stack trace:
#0 /Users/stefanooldeman/Sites/local.blog/lib/Zend/Controller/Front.php(954): Zend_Controller_Dispatcher_Standard->dispatch(Object(Zend_Controller_Request_Http), Object(Zend_Controller_Response_Http))
#1 /Users/stefanooldeman/Sites/local.blog/lib/Zend/Application/Bootstrap/Bootstrap.php(97): Zend_Controller_Front->dispatch()
#2 /Users/stefanooldeman/Sites/local.blog/lib/Zend/Application.php(366): Zend_Application_Bootstrap_Bootstrap->run()
#3 /Users/stefanooldeman/Sites/local.blog/public/index.php(27): Zend_Application->run()
#4 {main}
2010-08-13T14:58:02+02:00 ERR (3): exception 'Zend_Controller_Dispatcher_Exception' with message 'Invalid controller specified (css)' in /Users/stefanooldeman/Sites/local.blog/lib/Zend/Controller/Dispatcher/Standard.php:248
Stack trace:
#0 /Users/stefanooldeman/Sites/local.blog/lib/Zend/Controller/Front.php(954): Zend_Controller_Dispatcher_Standard->dispatch(Object(Zend_Controller_Request_Http), Object(Zend_Controller_Response_Http))
#1 /Users/stefanooldeman/Sites/local.blog/lib/Zend/Application/Bootstrap/Bootstrap.php(97): Zend_Controller_Front->dispatch()
#2 /Users/stefanooldeman/Sites/local.blog/lib/Zend/Application.php(366): Zend_Application_Bootstrap_Bootstrap->run()
#3 /Users/stefanooldeman/Sites/local.blog/public/index.php(27): Zend_Application->run()
#4 {main}
2010-08-17T13:25:33+02:00 ERR (3): exception 'Zend_Controller_Dispatcher_Exception' with message 'Invalid controller specified (css)' in /Users/stefanooldeman/Sites/local.blog/lib/Zend/Controller/Dispatcher/Standard.php:248
Stack trace:
#0 /Users/stefanooldeman/Sites/local.blog/lib/Zend/Controller/Front.php(954): Zend_Controller_Dispatcher_Standard->dispatch(Object(Zend_Controller_Request_Http), Object(Zend_Controller_Response_Http))
#1 /Users/stefanooldeman/Sites/local.blog/lib/Zend/Application/Bootstrap/Bootstrap.php(97): Zend_Controller_Front->dispatch()
#2 /Users/stefanooldeman/Sites/local.blog/lib/Zend/Application.php(366): Zend_Application_Bootstrap_Bootstrap->run()
#3 /Users/stefanooldeman/Sites/local.blog/public/index.php(27): Zend_Application->run()
#4 {main}
2010-08-17T13:25:33+02:00 ERR (3): exception 'Zend_Controller_Dispatcher_Exception' with message 'Invalid controller specified (favicon.ico)' in /Users/stefanooldeman/Sites/local.blog/lib/Zend/Controller/Dispatcher/Standard.php:248
Stack trace:
#0 /Users/stefanooldeman/Sites/local.blog/lib/Zend/Controller/Front.php(954): Zend_Controller_Dispatcher_Standard->dispatch(Object(Zend_Controller_Request_Http), Object(Zend_Controller_Response_Http))
#1 /Users/stefanooldeman/Sites/local.blog/lib/Zend/Application/Bootstrap/Bootstrap.php(97): Zend_Controller_Front->dispatch()
#2 /Users/stefanooldeman/Sites/local.blog/lib/Zend/Application.php(366): Zend_Application_Bootstrap_Bootstrap->run()
#3 /Users/stefanooldeman/Sites/local.blog/public/index.php(27): Zend_Application->run()
#4 {main}
2010-08-17T13:25:36+02:00 ERR (3): exception 'Zend_Controller_Dispatcher_Exception' with message 'Invalid controller specified (favicon.ico)' in /Users/stefanooldeman/Sites/local.blog/lib/Zend/Controller/Dispatcher/Standard.php:248
Stack trace:
#0 /Users/stefanooldeman/Sites/local.blog/lib/Zend/Controller/Front.php(954): Zend_Controller_Dispatcher_Standard->dispatch(Object(Zend_Controller_Request_Http), Object(Zend_Controller_Response_Http))
#1 /Users/stefanooldeman/Sites/local.blog/lib/Zend/Application/Bootstrap/Bootstrap.php(97): Zend_Controller_Front->dispatch()
#2 /Users/stefanooldeman/Sites/local.blog/lib/Zend/Application.php(366): Zend_Application_Bootstrap_Bootstrap->run()
#3 /Users/stefanooldeman/Sites/local.blog/public/index.php(27): Zend_Application->run()
#4 {main}
2010-09-26T14:02:18+02:00 ERR (3): exception 'Zend_Controller_Dispatcher_Exception' with message 'Invalid controller specified (css)' in /Users/stefanooldeman/Sites/local.blog/lib/Zend/Controller/Dispatcher/Standard.php:248
Stack trace:
#0 /Users/stefanooldeman/Sites/local.blog/lib/Zend/Controller/Front.php(954): Zend_Controller_Dispatcher_Standard->dispatch(Object(Zend_Controller_Request_Http), Object(Zend_Controller_Response_Http))
#1 /Users/stefanooldeman/Sites/local.blog/lib/Zend/Application/Bootstrap/Bootstrap.php(97): Zend_Controller_Front->dispatch()
#2 /Users/stefanooldeman/Sites/local.blog/lib/Zend/Application.php(366): Zend_Application_Bootstrap_Bootstrap->run()
#3 /Users/stefanooldeman/Sites/local.blog/public/index.php(27): Zend_Application->run()
#4 {main}
2010-09-26T14:02:18+02:00 ERR (3): exception 'Zend_Controller_Dispatcher_Exception' with message 'Invalid controller specified (favicon.ico)' in /Users/stefanooldeman/Sites/local.blog/lib/Zend/Controller/Dispatcher/Standard.php:248
Stack trace:
#0 /Users/stefanooldeman/Sites/local.blog/lib/Zend/Controller/Front.php(954): Zend_Controller_Dispatcher_Standard->dispatch(Object(Zend_Controller_Request_Http), Object(Zend_Controller_Response_Http))
#1 /Users/stefanooldeman/Sites/local.blog/lib/Zend/Application/Bootstrap/Bootstrap.php(97): Zend_Controller_Front->dispatch()
#2 /Users/stefanooldeman/Sites/local.blog/lib/Zend/Application.php(366): Zend_Application_Bootstrap_Bootstrap->run()
#3 /Users/stefanooldeman/Sites/local.blog/public/index.php(27): Zend_Application->run()
#4 {main}
2010-09-26T14:02:24+02:00 ERR (3): exception 'Zend_Controller_Dispatcher_Exception' with message 'Invalid controller specified (favicon.ico)' in /Users/stefanooldeman/Sites/local.blog/lib/Zend/Controller/Dispatcher/Standard.php:248
Stack trace:
#0 /Users/stefanooldeman/Sites/local.blog/lib/Zend/Controller/Front.php(954): Zend_Controller_Dispatcher_Standard->dispatch(Object(Zend_Controller_Request_Http), Object(Zend_Controller_Response_Http))
#1 /Users/stefanooldeman/Sites/local.blog/lib/Zend/Application/Bootstrap/Bootstrap.php(97): Zend_Controller_Front->dispatch()
#2 /Users/stefanooldeman/Sites/local.blog/lib/Zend/Application.php(366): Zend_Application_Bootstrap_Bootstrap->run()
#3 /Users/stefanooldeman/Sites/local.blog/public/index.php(27): Zend_Application->run()
#4 {main}
2010-09-26T14:11:46+02:00 ERR (3): exception 'Zend_Controller_Dispatcher_Exception' with message 'Invalid controller specified (css)' in /Users/stefanooldeman/Sites/local.blog/lib/Zend/Controller/Dispatcher/Standard.php:248
Stack trace:
#0 /Users/stefanooldeman/Sites/local.blog/lib/Zend/Controller/Front.php(954): Zend_Controller_Dispatcher_Standard->dispatch(Object(Zend_Controller_Request_Http), Object(Zend_Controller_Response_Http))
#1 /Users/stefanooldeman/Sites/local.blog/lib/Zend/Application/Bootstrap/Bootstrap.php(97): Zend_Controller_Front->dispatch()
#2 /Users/stefanooldeman/Sites/local.blog/lib/Zend/Application.php(366): Zend_Application_Bootstrap_Bootstrap->run()
#3 /Users/stefanooldeman/Sites/local.blog/public/index.php(28): Zend_Application->run()
#4 {main}
2010-09-26T14:11:46+02:00 ERR (3): exception 'Zend_Controller_Dispatcher_Exception' with message 'Invalid controller specified (favicon.ico)' in /Users/stefanooldeman/Sites/local.blog/lib/Zend/Controller/Dispatcher/Standard.php:248
Stack trace:
#0 /Users/stefanooldeman/Sites/local.blog/lib/Zend/Controller/Front.php(954): Zend_Controller_Dispatcher_Standard->dispatch(Object(Zend_Controller_Request_Http), Object(Zend_Controller_Response_Http))
#1 /Users/stefanooldeman/Sites/local.blog/lib/Zend/Application/Bootstrap/Bootstrap.php(97): Zend_Controller_Front->dispatch()
#2 /Users/stefanooldeman/Sites/local.blog/lib/Zend/Application.php(366): Zend_Application_Bootstrap_Bootstrap->run()
#3 /Users/stefanooldeman/Sites/local.blog/public/index.php(28): Zend_Application->run()
#4 {main}
2010-09-26T14:14:21+02:00 ERR (3): exception 'Zend_Controller_Dispatcher_Exception' with message 'Invalid controller specified (css)' in /Users/stefanooldeman/Sites/local.blog/lib/Zend/Controller/Dispatcher/Standard.php:248
Stack trace:
#0 /Users/stefanooldeman/Sites/local.blog/lib/Zend/Controller/Front.php(954): Zend_Controller_Dispatcher_Standard->dispatch(Object(Zend_Controller_Request_Http), Object(Zend_Controller_Response_Http))
#1 /Users/stefanooldeman/Sites/local.blog/lib/Zend/Application/Bootstrap/Bootstrap.php(97): Zend_Controller_Front->dispatch()
#2 /Users/stefanooldeman/Sites/local.blog/lib/Zend/Application.php(366): Zend_Application_Bootstrap_Bootstrap->run()
#3 /Users/stefanooldeman/Sites/local.blog/public/index.php(28): Zend_Application->run()
#4 {main}
2010-09-26T14:14:21+02:00 ERR (3): exception 'Zend_Controller_Dispatcher_Exception' with message 'Invalid controller specified (favicon.ico)' in /Users/stefanooldeman/Sites/local.blog/lib/Zend/Controller/Dispatcher/Standard.php:248
Stack trace:
#0 /Users/stefanooldeman/Sites/local.blog/lib/Zend/Controller/Front.php(954): Zend_Controller_Dispatcher_Standard->dispatch(Object(Zend_Controller_Request_Http), Object(Zend_Controller_Response_Http))
#1 /Users/stefanooldeman/Sites/local.blog/lib/Zend/Application/Bootstrap/Bootstrap.php(97): Zend_Controller_Front->dispatch()
#2 /Users/stefanooldeman/Sites/local.blog/lib/Zend/Application.php(366): Zend_Application_Bootstrap_Bootstrap->run()
#3 /Users/stefanooldeman/Sites/local.blog/public/index.php(28): Zend_Application->run()
#4 {main}
2010-09-26T14:15:27+02:00 ERR (3): exception 'Zend_Controller_Dispatcher_Exception' with message 'Invalid controller specified (css)' in /Users/stefanooldeman/Sites/local.blog/lib/Zend/Controller/Dispatcher/Standard.php:248
Stack trace:
#0 /Users/stefanooldeman/Sites/local.blog/lib/Zend/Controller/Front.php(954): Zend_Controller_Dispatcher_Standard->dispatch(Object(Zend_Controller_Request_Http), Object(Zend_Controller_Response_Http))
#1 /Users/stefanooldeman/Sites/local.blog/lib/Zend/Application/Bootstrap/Bootstrap.php(97): Zend_Controller_Front->dispatch()
#2 /Users/stefanooldeman/Sites/local.blog/lib/Zend/Application.php(366): Zend_Application_Bootstrap_Bootstrap->run()
#3 /Users/stefanooldeman/Sites/local.blog/public/index.php(28): Zend_Application->run()
#4 {main}
2010-09-26T14:15:27+02:00 ERR (3): exception 'Zend_Controller_Dispatcher_Exception' with message 'Invalid controller specified (favicon.ico)' in /Users/stefanooldeman/Sites/local.blog/lib/Zend/Controller/Dispatcher/Standard.php:248
Stack trace:
#0 /Users/stefanooldeman/Sites/local.blog/lib/Zend/Controller/Front.php(954): Zend_Controller_Dispatcher_Standard->dispatch(Object(Zend_Controller_Request_Http), Object(Zend_Controller_Response_Http))
#1 /Users/stefanooldeman/Sites/local.blog/lib/Zend/Application/Bootstrap/Bootstrap.php(97): Zend_Controller_Front->dispatch()
#2 /Users/stefanooldeman/Sites/local.blog/lib/Zend/Application.php(366): Zend_Application_Bootstrap_Bootstrap->run()
#3 /Users/stefanooldeman/Sites/local.blog/public/index.php(28): Zend_Application->run()
#4 {main}
2010-09-26T14:15:51+02:00 ERR (3): exception 'Zend_Controller_Dispatcher_Exception' with message 'Invalid controller specified (css)' in /Users/stefanooldeman/Sites/local.blog/lib/Zend/Controller/Dispatcher/Standard.php:248
Stack trace:
#0 /Users/stefanooldeman/Sites/local.blog/lib/Zend/Controller/Front.php(954): Zend_Controller_Dispatcher_Standard->dispatch(Object(Zend_Controller_Request_Http), Object(Zend_Controller_Response_Http))
#1 /Users/stefanooldeman/Sites/local.blog/lib/Zend/Application/Bootstrap/Bootstrap.php(97): Zend_Controller_Front->dispatch()
#2 /Users/stefanooldeman/Sites/local.blog/lib/Zend/Application.php(366): Zend_Application_Bootstrap_Bootstrap->run()
#3 /Users/stefanooldeman/Sites/local.blog/public/index.php(28): Zend_Application->run()
#4 {main}
2010-09-26T14:15:52+02:00 ERR (3): exception 'Zend_Controller_Dispatcher_Exception' with message 'Invalid controller specified (favicon.ico)' in /Users/stefanooldeman/Sites/local.blog/lib/Zend/Controller/Dispatcher/Standard.php:248
Stack trace:
#0 /Users/stefanooldeman/Sites/local.blog/lib/Zend/Controller/Front.php(954): Zend_Controller_Dispatcher_Standard->dispatch(Object(Zend_Controller_Request_Http), Object(Zend_Controller_Response_Http))
#1 /Users/stefanooldeman/Sites/local.blog/lib/Zend/Application/Bootstrap/Bootstrap.php(97): Zend_Controller_Front->dispatch()
#2 /Users/stefanooldeman/Sites/local.blog/lib/Zend/Application.php(366): Zend_Application_Bootstrap_Bootstrap->run()
#3 /Users/stefanooldeman/Sites/local.blog/public/index.php(28): Zend_Application->run()
#4 {main}
2010-09-26T14:15:57+02:00 ERR (3): exception 'Zend_Controller_Dispatcher_Exception' with message 'Invalid controller specified (css)' in /Users/stefanooldeman/Sites/local.blog/lib/Zend/Controller/Dispatcher/Standard.php:248
Stack trace:
#0 /Users/stefanooldeman/Sites/local.blog/lib/Zend/Controller/Front.php(954): Zend_Controller_Dispatcher_Standard->dispatch(Object(Zend_Controller_Request_Http), Object(Zend_Controller_Response_Http))
#1 /Users/stefanooldeman/Sites/local.blog/lib/Zend/Application/Bootstrap/Bootstrap.php(97): Zend_Controller_Front->dispatch()
#2 /Users/stefanooldeman/Sites/local.blog/lib/Zend/Application.php(366): Zend_Application_Bootstrap_Bootstrap->run()
#3 /Users/stefanooldeman/Sites/local.blog/public/index.php(28): Zend_Application->run()
#4 {main}
2010-09-26T14:15:57+02:00 ERR (3): exception 'Zend_Controller_Dispatcher_Exception' with message 'Invalid controller specified (favicon.ico)' in /Users/stefanooldeman/Sites/local.blog/lib/Zend/Controller/Dispatcher/Standard.php:248
Stack trace:
#0 /Users/stefanooldeman/Sites/local.blog/lib/Zend/Controller/Front.php(954): Zend_Controller_Dispatcher_Standard->dispatch(Object(Zend_Controller_Request_Http), Object(Zend_Controller_Response_Http))
#1 /Users/stefanooldeman/Sites/local.blog/lib/Zend/Application/Bootstrap/Bootstrap.php(97): Zend_Controller_Front->dispatch()
#2 /Users/stefanooldeman/Sites/local.blog/lib/Zend/Application.php(366): Zend_Application_Bootstrap_Bootstrap->run()
#3 /Users/stefanooldeman/Sites/local.blog/public/index.php(28): Zend_Application->run()
#4 {main}
2010-09-26T14:16:03+02:00 ERR (3): exception 'Zend_Controller_Dispatcher_Exception' with message 'Invalid controller specified (css)' in /Users/stefanooldeman/Sites/local.blog/lib/Zend/Controller/Dispatcher/Standard.php:248
Stack trace:
#0 /Users/stefanooldeman/Sites/local.blog/lib/Zend/Controller/Front.php(954): Zend_Controller_Dispatcher_Standard->dispatch(Object(Zend_Controller_Request_Http), Object(Zend_Controller_Response_Http))
#1 /Users/stefanooldeman/Sites/local.blog/lib/Zend/Application/Bootstrap/Bootstrap.php(97): Zend_Controller_Front->dispatch()
#2 /Users/stefanooldeman/Sites/local.blog/lib/Zend/Application.php(366): Zend_Application_Bootstrap_Bootstrap->run()
#3 /Users/stefanooldeman/Sites/local.blog/public/index.php(28): Zend_Application->run()
#4 {main}
2010-09-26T14:16:03+02:00 ERR (3): exception 'Zend_Controller_Dispatcher_Exception' with message 'Invalid controller specified (favicon.ico)' in /Users/stefanooldeman/Sites/local.blog/lib/Zend/Controller/Dispatcher/Standard.php:248
Stack trace:
#0 /Users/stefanooldeman/Sites/local.blog/lib/Zend/Controller/Front.php(954): Zend_Controller_Dispatcher_Standard->dispatch(Object(Zend_Controller_Request_Http), Object(Zend_Controller_Response_Http))
#1 /Users/stefanooldeman/Sites/local.blog/lib/Zend/Application/Bootstrap/Bootstrap.php(97): Zend_Controller_Front->dispatch()
#2 /Users/stefanooldeman/Sites/local.blog/lib/Zend/Application.php(366): Zend_Application_Bootstrap_Bootstrap->run()
#3 /Users/stefanooldeman/Sites/local.blog/public/index.php(28): Zend_Application->run()
#4 {main}
2010-09-26T14:16:08+02:00 ERR (3): exception 'Zend_Controller_Dispatcher_Exception' with message 'Invalid controller specified (css)' in /Users/stefanooldeman/Sites/local.blog/lib/Zend/Controller/Dispatcher/Standard.php:248
Stack trace:
#0 /Users/stefanooldeman/Sites/local.blog/lib/Zend/Controller/Front.php(954): Zend_Controller_Dispatcher_Standard->dispatch(Object(Zend_Controller_Request_Http), Object(Zend_Controller_Response_Http))
#1 /Users/stefanooldeman/Sites/local.blog/lib/Zend/Application/Bootstrap/Bootstrap.php(97): Zend_Controller_Front->dispatch()
#2 /Users/stefanooldeman/Sites/local.blog/lib/Zend/Application.php(366): Zend_Application_Bootstrap_Bootstrap->run()
#3 /Users/stefanooldeman/Sites/local.blog/public/index.php(28): Zend_Application->run()
#4 {main}
2010-09-26T14:16:08+02:00 ERR (3): exception 'Zend_Controller_Dispatcher_Exception' with message 'Invalid controller specified (favicon.ico)' in /Users/stefanooldeman/Sites/local.blog/lib/Zend/Controller/Dispatcher/Standard.php:248
Stack trace:
#0 /Users/stefanooldeman/Sites/local.blog/lib/Zend/Controller/Front.php(954): Zend_Controller_Dispatcher_Standard->dispatch(Object(Zend_Controller_Request_Http), Object(Zend_Controller_Response_Http))
#1 /Users/stefanooldeman/Sites/local.blog/lib/Zend/Application/Bootstrap/Bootstrap.php(97): Zend_Controller_Front->dispatch()
#2 /Users/stefanooldeman/Sites/local.blog/lib/Zend/Application.php(366): Zend_Application_Bootstrap_Bootstrap->run()
#3 /Users/stefanooldeman/Sites/local.blog/public/index.php(28): Zend_Application->run()
#4 {main}
2010-09-26T14:16:09+02:00 ERR (3): exception 'Zend_Controller_Dispatcher_Exception' with message 'Invalid controller specified (css)' in /Users/stefanooldeman/Sites/local.blog/lib/Zend/Controller/Dispatcher/Standard.php:248
Stack trace:
#0 /Users/stefanooldeman/Sites/local.blog/lib/Zend/Controller/Front.php(954): Zend_Controller_Dispatcher_Standard->dispatch(Object(Zend_Controller_Request_Http), Object(Zend_Controller_Response_Http))
#1 /Users/stefanooldeman/Sites/local.blog/lib/Zend/Application/Bootstrap/Bootstrap.php(97): Zend_Controller_Front->dispatch()
#2 /Users/stefanooldeman/Sites/local.blog/lib/Zend/Application.php(366): Zend_Application_Bootstrap_Bootstrap->run()
#3 /Users/stefanooldeman/Sites/local.blog/public/index.php(28): Zend_Application->run()
#4 {main}
2010-09-26T14:16:09+02:00 ERR (3): exception 'Zend_Controller_Dispatcher_Exception' with message 'Invalid controller specified (favicon.ico)' in /Users/stefanooldeman/Sites/local.blog/lib/Zend/Controller/Dispatcher/Standard.php:248
Stack trace:
#0 /Users/stefanooldeman/Sites/local.blog/lib/Zend/Controller/Front.php(954): Zend_Controller_Dispatcher_Standard->dispatch(Object(Zend_Controller_Request_Http), Object(Zend_Controller_Response_Http))
#1 /Users/stefanooldeman/Sites/local.blog/lib/Zend/Application/Bootstrap/Bootstrap.php(97): Zend_Controller_Front->dispatch()
#2 /Users/stefanooldeman/Sites/local.blog/lib/Zend/Application.php(366): Zend_Application_Bootstrap_Bootstrap->run()
#3 /Users/stefanooldeman/Sites/local.blog/public/index.php(28): Zend_Application->run()
#4 {main}
2010-09-26T14:16:12+02:00 ERR (3): exception 'Zend_Controller_Dispatcher_Exception' with message 'Invalid controller specified (css)' in /Users/stefanooldeman/Sites/local.blog/lib/Zend/Controller/Dispatcher/Standard.php:248
Stack trace:
#0 /Users/stefanooldeman/Sites/local.blog/lib/Zend/Controller/Front.php(954): Zend_Controller_Dispatcher_Standard->dispatch(Object(Zend_Controller_Request_Http), Object(Zend_Controller_Response_Http))
#1 /Users/stefanooldeman/Sites/local.blog/lib/Zend/Application/Bootstrap/Bootstrap.php(97): Zend_Controller_Front->dispatch()
#2 /Users/stefanooldeman/Sites/local.blog/lib/Zend/Application.php(366): Zend_Application_Bootstrap_Bootstrap->run()
#3 /Users/stefanooldeman/Sites/local.blog/public/index.php(28): Zend_Application->run()
#4 {main}
2010-09-26T14:16:12+02:00 ERR (3): exception 'Zend_Controller_Dispatcher_Exception' with message 'Invalid controller specified (favicon.ico)' in /Users/stefanooldeman/Sites/local.blog/lib/Zend/Controller/Dispatcher/Standard.php:248
Stack trace:
#0 /Users/stefanooldeman/Sites/local.blog/lib/Zend/Controller/Front.php(954): Zend_Controller_Dispatcher_Standard->dispatch(Object(Zend_Controller_Request_Http), Object(Zend_Controller_Response_Http))
#1 /Users/stefanooldeman/Sites/local.blog/lib/Zend/Application/Bootstrap/Bootstrap.php(97): Zend_Controller_Front->dispatch()
#2 /Users/stefanooldeman/Sites/local.blog/lib/Zend/Application.php(366): Zend_Application_Bootstrap_Bootstrap->run()
#3 /Users/stefanooldeman/Sites/local.blog/public/index.php(28): Zend_Application->run()
#4 {main}
2010-09-26T14:16:24+02:00 ERR (3): exception 'Zend_Controller_Dispatcher_Exception' with message 'Invalid controller specified (css)' in /Users/stefanooldeman/Sites/local.blog/lib/Zend/Controller/Dispatcher/Standard.php:248
Stack trace:
#0 /Users/stefanooldeman/Sites/local.blog/lib/Zend/Controller/Front.php(954): Zend_Controller_Dispatcher_Standard->dispatch(Object(Zend_Controller_Request_Http), Object(Zend_Controller_Response_Http))
#1 /Users/stefanooldeman/Sites/local.blog/lib/Zend/Application/Bootstrap/Bootstrap.php(97): Zend_Controller_Front->dispatch()
#2 /Users/stefanooldeman/Sites/local.blog/lib/Zend/Application.php(366): Zend_Application_Bootstrap_Bootstrap->run()
#3 /Users/stefanooldeman/Sites/local.blog/public/index.php(28): Zend_Application->run()
#4 {main}
2010-09-26T14:16:24+02:00 ERR (3): exception 'Zend_Controller_Dispatcher_Exception' with message 'Invalid controller specified (favicon.ico)' in /Users/stefanooldeman/Sites/local.blog/lib/Zend/Controller/Dispatcher/Standard.php:248
Stack trace:
#0 /Users/stefanooldeman/Sites/local.blog/lib/Zend/Controller/Front.php(954): Zend_Controller_Dispatcher_Standard->dispatch(Object(Zend_Controller_Request_Http), Object(Zend_Controller_Response_Http))
#1 /Users/stefanooldeman/Sites/local.blog/lib/Zend/Application/Bootstrap/Bootstrap.php(97): Zend_Controller_Front->dispatch()
#2 /Users/stefanooldeman/Sites/local.blog/lib/Zend/Application.php(366): Zend_Application_Bootstrap_Bootstrap->run()
#3 /Users/stefanooldeman/Sites/local.blog/public/index.php(28): Zend_Application->run()
#4 {main}
2010-09-26T14:16:30+02:00 ERR (3): exception 'Zend_Controller_Dispatcher_Exception' with message 'Invalid controller specified (css)' in /Users/stefanooldeman/Sites/local.blog/lib/Zend/Controller/Dispatcher/Standard.php:248
Stack trace:
#0 /Users/stefanooldeman/Sites/local.blog/lib/Zend/Controller/Front.php(954): Zend_Controller_Dispatcher_Standard->dispatch(Object(Zend_Controller_Request_Http), Object(Zend_Controller_Response_Http))
#1 /Users/stefanooldeman/Sites/local.blog/lib/Zend/Application/Bootstrap/Bootstrap.php(97): Zend_Controller_Front->dispatch()
#2 /Users/stefanooldeman/Sites/local.blog/lib/Zend/Application.php(366): Zend_Application_Bootstrap_Bootstrap->run()
#3 /Users/stefanooldeman/Sites/local.blog/public/index.php(28): Zend_Application->run()
#4 {main}
2010-09-26T14:16:30+02:00 ERR (3): exception 'Zend_Controller_Dispatcher_Exception' with message 'Invalid controller specified (favicon.ico)' in /Users/stefanooldeman/Sites/local.blog/lib/Zend/Controller/Dispatcher/Standard.php:248
Stack trace:
#0 /Users/stefanooldeman/Sites/local.blog/lib/Zend/Controller/Front.php(954): Zend_Controller_Dispatcher_Standard->dispatch(Object(Zend_Controller_Request_Http), Object(Zend_Controller_Response_Http))
#1 /Users/stefanooldeman/Sites/local.blog/lib/Zend/Application/Bootstrap/Bootstrap.php(97): Zend_Controller_Front->dispatch()
#2 /Users/stefanooldeman/Sites/local.blog/lib/Zend/Application.php(366): Zend_Application_Bootstrap_Bootstrap->run()
#3 /Users/stefanooldeman/Sites/local.blog/public/index.php(28): Zend_Application->run()
#4 {main}
2010-09-26T14:16:37+02:00 ERR (3): exception 'Zend_Controller_Dispatcher_Exception' with message 'Invalid controller specified (css)' in /Users/stefanooldeman/Sites/local.blog/lib/Zend/Controller/Dispatcher/Standard.php:248
Stack trace:
#0 /Users/stefanooldeman/Sites/local.blog/lib/Zend/Controller/Front.php(954): Zend_Controller_Dispatcher_Standard->dispatch(Object(Zend_Controller_Request_Http), Object(Zend_Controller_Response_Http))
#1 /Users/stefanooldeman/Sites/local.blog/lib/Zend/Application/Bootstrap/Bootstrap.php(97): Zend_Controller_Front->dispatch()
#2 /Users/stefanooldeman/Sites/local.blog/lib/Zend/Application.php(366): Zend_Application_Bootstrap_Bootstrap->run()
#3 /Users/stefanooldeman/Sites/local.blog/public/index.php(28): Zend_Application->run()
#4 {main}
2010-09-26T14:16:37+02:00 ERR (3): exception 'Zend_Controller_Dispatcher_Exception' with message 'Invalid controller specified (favicon.ico)' in /Users/stefanooldeman/Sites/local.blog/lib/Zend/Controller/Dispatcher/Standard.php:248
Stack trace:
#0 /Users/stefanooldeman/Sites/local.blog/lib/Zend/Controller/Front.php(954): Zend_Controller_Dispatcher_Standard->dispatch(Object(Zend_Controller_Request_Http), Object(Zend_Controller_Response_Http))
#1 /Users/stefanooldeman/Sites/local.blog/lib/Zend/Application/Bootstrap/Bootstrap.php(97): Zend_Controller_Front->dispatch()
#2 /Users/stefanooldeman/Sites/local.blog/lib/Zend/Application.php(366): Zend_Application_Bootstrap_Bootstrap->run()
#3 /Users/stefanooldeman/Sites/local.blog/public/index.php(28): Zend_Application->run()
#4 {main}
2010-09-26T14:16:41+02:00 ERR (3): exception 'Zend_Controller_Dispatcher_Exception' with message 'Invalid controller specified (css)' in /Users/stefanooldeman/Sites/local.blog/lib/Zend/Controller/Dispatcher/Standard.php:248
Stack trace:
#0 /Users/stefanooldeman/Sites/local.blog/lib/Zend/Controller/Front.php(954): Zend_Controller_Dispatcher_Standard->dispatch(Object(Zend_Controller_Request_Http), Object(Zend_Controller_Response_Http))
#1 /Users/stefanooldeman/Sites/local.blog/lib/Zend/Application/Bootstrap/Bootstrap.php(97): Zend_Controller_Front->dispatch()
#2 /Users/stefanooldeman/Sites/local.blog/lib/Zend/Application.php(366): Zend_Application_Bootstrap_Bootstrap->run()
#3 /Users/stefanooldeman/Sites/local.blog/public/index.php(28): Zend_Application->run()
#4 {main}
2010-09-26T14:16:41+02:00 ERR (3): exception 'Zend_Controller_Dispatcher_Exception' with message 'Invalid controller specified (favicon.ico)' in /Users/stefanooldeman/Sites/local.blog/lib/Zend/Controller/Dispatcher/Standard.php:248
Stack trace:
#0 /Users/stefanooldeman/Sites/local.blog/lib/Zend/Controller/Front.php(954): Zend_Controller_Dispatcher_Standard->dispatch(Object(Zend_Controller_Request_Http), Object(Zend_Controller_Response_Http))
#1 /Users/stefanooldeman/Sites/local.blog/lib/Zend/Application/Bootstrap/Bootstrap.php(97): Zend_Controller_Front->dispatch()
#2 /Users/stefanooldeman/Sites/local.blog/lib/Zend/Application.php(366): Zend_Application_Bootstrap_Bootstrap->run()
#3 /Users/stefanooldeman/Sites/local.blog/public/index.php(28): Zend_Application->run()
#4 {main}
2010-09-26T14:19:25+02:00 ERR (3): exception 'Zend_Controller_Dispatcher_Exception' with message 'Invalid controller specified (css)' in /Users/stefanooldeman/Sites/local.blog/lib/Zend/Controller/Dispatcher/Standard.php:248
Stack trace:
#0 /Users/stefanooldeman/Sites/local.blog/lib/Zend/Controller/Front.php(954): Zend_Controller_Dispatcher_Standard->dispatch(Object(Zend_Controller_Request_Http), Object(Zend_Controller_Response_Http))
#1 /Users/stefanooldeman/Sites/local.blog/lib/Zend/Application/Bootstrap/Bootstrap.php(97): Zend_Controller_Front->dispatch()
#2 /Users/stefanooldeman/Sites/local.blog/lib/Zend/Application.php(366): Zend_Application_Bootstrap_Bootstrap->run()
#3 /Users/stefanooldeman/Sites/local.blog/public/index.php(28): Zend_Application->run()
#4 {main}
2010-09-26T14:19:25+02:00 ERR (3): exception 'Zend_Controller_Dispatcher_Exception' with message 'Invalid controller specified (favicon.ico)' in /Users/stefanooldeman/Sites/local.blog/lib/Zend/Controller/Dispatcher/Standard.php:248
Stack trace:
#0 /Users/stefanooldeman/Sites/local.blog/lib/Zend/Controller/Front.php(954): Zend_Controller_Dispatcher_Standard->dispatch(Object(Zend_Controller_Request_Http), Object(Zend_Controller_Response_Http))
#1 /Users/stefanooldeman/Sites/local.blog/lib/Zend/Application/Bootstrap/Bootstrap.php(97): Zend_Controller_Front->dispatch()
#2 /Users/stefanooldeman/Sites/local.blog/lib/Zend/Application.php(366): Zend_Application_Bootstrap_Bootstrap->run()
#3 /Users/stefanooldeman/Sites/local.blog/public/index.php(28): Zend_Application->run()
#4 {main}
2010-09-26T14:19:37+02:00 ERR (3): exception 'Zend_Controller_Dispatcher_Exception' with message 'Invalid controller specified (css)' in /Users/stefanooldeman/Sites/local.blog/lib/Zend/Controller/Dispatcher/Standard.php:248
Stack trace:
#0 /Users/stefanooldeman/Sites/local.blog/lib/Zend/Controller/Front.php(954): Zend_Controller_Dispatcher_Standard->dispatch(Object(Zend_Controller_Request_Http), Object(Zend_Controller_Response_Http))
#1 /Users/stefanooldeman/Sites/local.blog/lib/Zend/Application/Bootstrap/Bootstrap.php(97): Zend_Controller_Front->dispatch()
#2 /Users/stefanooldeman/Sites/local.blog/lib/Zend/Application.php(366): Zend_Application_Bootstrap_Bootstrap->run()
#3 /Users/stefanooldeman/Sites/local.blog/public/index.php(28): Zend_Application->run()
#4 {main}
2010-09-26T14:19:37+02:00 ERR (3): exception 'Zend_Controller_Dispatcher_Exception' with message 'Invalid controller specified (favicon.ico)' in /Users/stefanooldeman/Sites/local.blog/lib/Zend/Controller/Dispatcher/Standard.php:248
Stack trace:
#0 /Users/stefanooldeman/Sites/local.blog/lib/Zend/Controller/Front.php(954): Zend_Controller_Dispatcher_Standard->dispatch(Object(Zend_Controller_Request_Http), Object(Zend_Controller_Response_Http))
#1 /Users/stefanooldeman/Sites/local.blog/lib/Zend/Application/Bootstrap/Bootstrap.php(97): Zend_Controller_Front->dispatch()
#2 /Users/stefanooldeman/Sites/local.blog/lib/Zend/Application.php(366): Zend_Application_Bootstrap_Bootstrap->run()
#3 /Users/stefanooldeman/Sites/local.blog/public/index.php(28): Zend_Application->run()
#4 {main}
2010-09-26T14:20:41+02:00 ERR (3): exception 'Zend_Controller_Dispatcher_Exception' with message 'Invalid controller specified (css)' in /Users/stefanooldeman/Sites/local.blog/lib/Zend/Controller/Dispatcher/Standard.php:248
Stack trace:
#0 /Users/stefanooldeman/Sites/local.blog/lib/Zend/Controller/Front.php(954): Zend_Controller_Dispatcher_Standard->dispatch(Object(Zend_Controller_Request_Http), Object(Zend_Controller_Response_Http))
#1 /Users/stefanooldeman/Sites/local.blog/lib/Zend/Application/Bootstrap/Bootstrap.php(97): Zend_Controller_Front->dispatch()
#2 /Users/stefanooldeman/Sites/local.blog/lib/Zend/Application.php(366): Zend_Application_Bootstrap_Bootstrap->run()
#3 /Users/stefanooldeman/Sites/local.blog/public/index.php(28): Zend_Application->run()
#4 {main}
2010-09-26T14:20:41+02:00 ERR (3): exception 'Zend_Controller_Dispatcher_Exception' with message 'Invalid controller specified (favicon.ico)' in /Users/stefanooldeman/Sites/local.blog/lib/Zend/Controller/Dispatcher/Standard.php:248
Stack trace:
#0 /Users/stefanooldeman/Sites/local.blog/lib/Zend/Controller/Front.php(954): Zend_Controller_Dispatcher_Standard->dispatch(Object(Zend_Controller_Request_Http), Object(Zend_Controller_Response_Http))
#1 /Users/stefanooldeman/Sites/local.blog/lib/Zend/Application/Bootstrap/Bootstrap.php(97): Zend_Controller_Front->dispatch()
#2 /Users/stefanooldeman/Sites/local.blog/lib/Zend/Application.php(366): Zend_Application_Bootstrap_Bootstrap->run()
#3 /Users/stefanooldeman/Sites/local.blog/public/index.php(28): Zend_Application->run()
#4 {main}
2010-09-26T14:21:20+02:00 ERR (3): exception 'Zend_Controller_Dispatcher_Exception' with message 'Invalid controller specified (css)' in /Users/stefanooldeman/Sites/local.blog/lib/Zend/Controller/Dispatcher/Standard.php:248
Stack trace:
#0 /Users/stefanooldeman/Sites/local.blog/lib/Zend/Controller/Front.php(954): Zend_Controller_Dispatcher_Standard->dispatch(Object(Zend_Controller_Request_Http), Object(Zend_Controller_Response_Http))
#1 /Users/stefanooldeman/Sites/local.blog/lib/Zend/Application/Bootstrap/Bootstrap.php(97): Zend_Controller_Front->dispatch()
#2 /Users/stefanooldeman/Sites/local.blog/lib/Zend/Application.php(366): Zend_Application_Bootstrap_Bootstrap->run()
#3 /Users/stefanooldeman/Sites/local.blog/public/index.php(28): Zend_Application->run()
#4 {main}
2010-09-26T14:21:20+02:00 ERR (3): exception 'Zend_Controller_Dispatcher_Exception' with message 'Invalid controller specified (favicon.ico)' in /Users/stefanooldeman/Sites/local.blog/lib/Zend/Controller/Dispatcher/Standard.php:248
Stack trace:
#0 /Users/stefanooldeman/Sites/local.blog/lib/Zend/Controller/Front.php(954): Zend_Controller_Dispatcher_Standard->dispatch(Object(Zend_Controller_Request_Http), Object(Zend_Controller_Response_Http))
#1 /Users/stefanooldeman/Sites/local.blog/lib/Zend/Application/Bootstrap/Bootstrap.php(97): Zend_Controller_Front->dispatch()
#2 /Users/stefanooldeman/Sites/local.blog/lib/Zend/Application.php(366): Zend_Application_Bootstrap_Bootstrap->run()
#3 /Users/stefanooldeman/Sites/local.blog/public/index.php(28): Zend_Application->run()
#4 {main}
2010-09-26T14:21:25+02:00 ERR (3): exception 'Zend_Controller_Dispatcher_Exception' with message 'Invalid controller specified (css)' in /Users/stefanooldeman/Sites/local.blog/lib/Zend/Controller/Dispatcher/Standard.php:248
Stack trace:
#0 /Users/stefanooldeman/Sites/local.blog/lib/Zend/Controller/Front.php(954): Zend_Controller_Dispatcher_Standard->dispatch(Object(Zend_Controller_Request_Http), Object(Zend_Controller_Response_Http))
#1 /Users/stefanooldeman/Sites/local.blog/lib/Zend/Application/Bootstrap/Bootstrap.php(97): Zend_Controller_Front->dispatch()
#2 /Users/stefanooldeman/Sites/local.blog/lib/Zend/Application.php(366): Zend_Application_Bootstrap_Bootstrap->run()
#3 /Users/stefanooldeman/Sites/local.blog/public/index.php(28): Zend_Application->run()
#4 {main}
2010-09-26T14:21:25+02:00 ERR (3): exception 'Zend_Controller_Dispatcher_Exception' with message 'Invalid controller specified (favicon.ico)' in /Users/stefanooldeman/Sites/local.blog/lib/Zend/Controller/Dispatcher/Standard.php:248
Stack trace:
#0 /Users/stefanooldeman/Sites/local.blog/lib/Zend/Controller/Front.php(954): Zend_Controller_Dispatcher_Standard->dispatch(Object(Zend_Controller_Request_Http), Object(Zend_Controller_Response_Http))
#1 /Users/stefanooldeman/Sites/local.blog/lib/Zend/Application/Bootstrap/Bootstrap.php(97): Zend_Controller_Front->dispatch()
#2 /Users/stefanooldeman/Sites/local.blog/lib/Zend/Application.php(366): Zend_Application_Bootstrap_Bootstrap->run()
#3 /Users/stefanooldeman/Sites/local.blog/public/index.php(28): Zend_Application->run()
#4 {main}
2010-09-26T14:21:29+02:00 ERR (3): exception 'Zend_Controller_Dispatcher_Exception' with message 'Invalid controller specified (css)' in /Users/stefanooldeman/Sites/local.blog/lib/Zend/Controller/Dispatcher/Standard.php:248
Stack trace:
#0 /Users/stefanooldeman/Sites/local.blog/lib/Zend/Controller/Front.php(954): Zend_Controller_Dispatcher_Standard->dispatch(Object(Zend_Controller_Request_Http), Object(Zend_Controller_Response_Http))
#1 /Users/stefanooldeman/Sites/local.blog/lib/Zend/Application/Bootstrap/Bootstrap.php(97): Zend_Controller_Front->dispatch()
#2 /Users/stefanooldeman/Sites/local.blog/lib/Zend/Application.php(366): Zend_Application_Bootstrap_Bootstrap->run()
#3 /Users/stefanooldeman/Sites/local.blog/public/index.php(28): Zend_Application->run()
#4 {main}
2010-09-26T14:21:29+02:00 ERR (3): exception 'Zend_Controller_Dispatcher_Exception' with message 'Invalid controller specified (favicon.ico)' in /Users/stefanooldeman/Sites/local.blog/lib/Zend/Controller/Dispatcher/Standard.php:248
Stack trace:
#0 /Users/stefanooldeman/Sites/local.blog/lib/Zend/Controller/Front.php(954): Zend_Controller_Dispatcher_Standard->dispatch(Object(Zend_Controller_Request_Http), Object(Zend_Controller_Response_Http))
#1 /Users/stefanooldeman/Sites/local.blog/lib/Zend/Application/Bootstrap/Bootstrap.php(97): Zend_Controller_Front->dispatch()
#2 /Users/stefanooldeman/Sites/local.blog/lib/Zend/Application.php(366): Zend_Application_Bootstrap_Bootstrap->run()
#3 /Users/stefanooldeman/Sites/local.blog/public/index.php(28): Zend_Application->run()
#4 {main}
2010-09-26T14:21:38+02:00 ERR (3): exception 'Zend_Controller_Dispatcher_Exception' with message 'Invalid controller specified (css)' in /Users/stefanooldeman/Sites/local.blog/lib/Zend/Controller/Dispatcher/Standard.php:248
Stack trace:
#0 /Users/stefanooldeman/Sites/local.blog/lib/Zend/Controller/Front.php(954): Zend_Controller_Dispatcher_Standard->dispatch(Object(Zend_Controller_Request_Http), Object(Zend_Controller_Response_Http))
#1 /Users/stefanooldeman/Sites/local.blog/lib/Zend/Application/Bootstrap/Bootstrap.php(97): Zend_Controller_Front->dispatch()
#2 /Users/stefanooldeman/Sites/local.blog/lib/Zend/Application.php(366): Zend_Application_Bootstrap_Bootstrap->run()
#3 /Users/stefanooldeman/Sites/local.blog/public/index.php(28): Zend_Application->run()
#4 {main}
2010-09-26T14:21:38+02:00 ERR (3): exception 'Zend_Controller_Dispatcher_Exception' with message 'Invalid controller specified (favicon.ico)' in /Users/stefanooldeman/Sites/local.blog/lib/Zend/Controller/Dispatcher/Standard.php:248
Stack trace:
#0 /Users/stefanooldeman/Sites/local.blog/lib/Zend/Controller/Front.php(954): Zend_Controller_Dispatcher_Standard->dispatch(Object(Zend_Controller_Request_Http), Object(Zend_Controller_Response_Http))
#1 /Users/stefanooldeman/Sites/local.blog/lib/Zend/Application/Bootstrap/Bootstrap.php(97): Zend_Controller_Front->dispatch()
#2 /Users/stefanooldeman/Sites/local.blog/lib/Zend/Application.php(366): Zend_Application_Bootstrap_Bootstrap->run()
#3 /Users/stefanooldeman/Sites/local.blog/public/index.php(28): Zend_Application->run()
#4 {main}
2010-09-26T14:21:57+02:00 ERR (3): exception 'Zend_Controller_Dispatcher_Exception' with message 'Invalid controller specified (css)' in /Users/stefanooldeman/Sites/local.blog/lib/Zend/Controller/Dispatcher/Standard.php:248
Stack trace:
#0 /Users/stefanooldeman/Sites/local.blog/lib/Zend/Controller/Front.php(954): Zend_Controller_Dispatcher_Standard->dispatch(Object(Zend_Controller_Request_Http), Object(Zend_Controller_Response_Http))
#1 /Users/stefanooldeman/Sites/local.blog/lib/Zend/Application/Bootstrap/Bootstrap.php(97): Zend_Controller_Front->dispatch()
#2 /Users/stefanooldeman/Sites/local.blog/lib/Zend/Application.php(366): Zend_Application_Bootstrap_Bootstrap->run()
#3 /Users/stefanooldeman/Sites/local.blog/public/index.php(28): Zend_Application->run()
#4 {main}
2010-09-26T14:21:57+02:00 ERR (3): exception 'Zend_Controller_Dispatcher_Exception' with message 'Invalid controller specified (favicon.ico)' in /Users/stefanooldeman/Sites/local.blog/lib/Zend/Controller/Dispatcher/Standard.php:248
Stack trace:
#0 /Users/stefanooldeman/Sites/local.blog/lib/Zend/Controller/Front.php(954): Zend_Controller_Dispatcher_Standard->dispatch(Object(Zend_Controller_Request_Http), Object(Zend_Controller_Response_Http))
#1 /Users/stefanooldeman/Sites/local.blog/lib/Zend/Application/Bootstrap/Bootstrap.php(97): Zend_Controller_Front->dispatch()
#2 /Users/stefanooldeman/Sites/local.blog/lib/Zend/Application.php(366): Zend_Application_Bootstrap_Bootstrap->run()
#3 /Users/stefanooldeman/Sites/local.blog/public/index.php(28): Zend_Application->run()
#4 {main}
2010-09-26T14:22:01+02:00 ERR (3): exception 'Zend_Controller_Dispatcher_Exception' with message 'Invalid controller specified (css)' in /Users/stefanooldeman/Sites/local.blog/lib/Zend/Controller/Dispatcher/Standard.php:248
Stack trace:
#0 /Users/stefanooldeman/Sites/local.blog/lib/Zend/Controller/Front.php(954): Zend_Controller_Dispatcher_Standard->dispatch(Object(Zend_Controller_Request_Http), Object(Zend_Controller_Response_Http))
#1 /Users/stefanooldeman/Sites/local.blog/lib/Zend/Application/Bootstrap/Bootstrap.php(97): Zend_Controller_Front->dispatch()
#2 /Users/stefanooldeman/Sites/local.blog/lib/Zend/Application.php(366): Zend_Application_Bootstrap_Bootstrap->run()
#3 /Users/stefanooldeman/Sites/local.blog/public/index.php(28): Zend_Application->run()
#4 {main}
2010-09-26T14:22:01+02:00 ERR (3): exception 'Zend_Controller_Dispatcher_Exception' with message 'Invalid controller specified (favicon.ico)' in /Users/stefanooldeman/Sites/local.blog/lib/Zend/Controller/Dispatcher/Standard.php:248
Stack trace:
#0 /Users/stefanooldeman/Sites/local.blog/lib/Zend/Controller/Front.php(954): Zend_Controller_Dispatcher_Standard->dispatch(Object(Zend_Controller_Request_Http), Object(Zend_Controller_Response_Http))
#1 /Users/stefanooldeman/Sites/local.blog/lib/Zend/Application/Bootstrap/Bootstrap.php(97): Zend_Controller_Front->dispatch()
#2 /Users/stefanooldeman/Sites/local.blog/lib/Zend/Application.php(366): Zend_Application_Bootstrap_Bootstrap->run()
#3 /Users/stefanooldeman/Sites/local.blog/public/index.php(28): Zend_Application->run()
#4 {main}
