2010-09-26T20:45:31+02:00 ERR (3): exception 'Zend_Controller_Dispatcher_Exception' with message 'Invalid controller specified (css)' in /Users/stefanooldeman/Sites/ketchup/lib/Zend/Controller/Dispatcher/Standard.php:248
Stack trace:
#0 /Users/stefanooldeman/Sites/ketchup/lib/Zend/Controller/Front.php(954): Zend_Controller_Dispatcher_Standard->dispatch(Object(Zend_Controller_Request_Http), Object(Zend_Controller_Response_Http))
#1 /Users/stefanooldeman/Sites/ketchup/lib/Zend/Application/Bootstrap/Bootstrap.php(97): Zend_Controller_Front->dispatch()
#2 /Users/stefanooldeman/Sites/ketchup/lib/Zend/Application.php(366): Zend_Application_Bootstrap_Bootstrap->run()
#3 /Users/stefanooldeman/Sites/ketchup/public/index.php(26): Zend_Application->run()
#4 {main}
2010-09-26T20:45:31+02:00 ERR (3): exception 'Zend_Controller_Dispatcher_Exception' with message 'Invalid controller specified (favicon.ico)' in /Users/stefanooldeman/Sites/ketchup/lib/Zend/Controller/Dispatcher/Standard.php:248
Stack trace:
#0 /Users/stefanooldeman/Sites/ketchup/lib/Zend/Controller/Front.php(954): Zend_Controller_Dispatcher_Standard->dispatch(Object(Zend_Controller_Request_Http), Object(Zend_Controller_Response_Http))
#1 /Users/stefanooldeman/Sites/ketchup/lib/Zend/Application/Bootstrap/Bootstrap.php(97): Zend_Controller_Front->dispatch()
#2 /Users/stefanooldeman/Sites/ketchup/lib/Zend/Application.php(366): Zend_Application_Bootstrap_Bootstrap->run()
#3 /Users/stefanooldeman/Sites/ketchup/public/index.php(26): Zend_Application->run()
#4 {main}
2010-09-26T20:53:16+02:00 ERR (3): exception 'Zend_Controller_Dispatcher_Exception' with message 'Invalid controller specified (css)' in /Users/stefanooldeman/Sites/ketchup/lib/Zend/Controller/Dispatcher/Standard.php:248
Stack trace:
#0 /Users/stefanooldeman/Sites/ketchup/lib/Zend/Controller/Front.php(954): Zend_Controller_Dispatcher_Standard->dispatch(Object(Zend_Controller_Request_Http), Object(Zend_Controller_Response_Http))
#1 /Users/stefanooldeman/Sites/ketchup/lib/Zend/Application/Bootstrap/Bootstrap.php(97): Zend_Controller_Front->dispatch()
#2 /Users/stefanooldeman/Sites/ketchup/lib/Zend/Application.php(366): Zend_Application_Bootstrap_Bootstrap->run()
#3 /Users/stefanooldeman/Sites/ketchup/public/index.php(26): Zend_Application->run()
#4 {main}
2010-09-26T20:53:16+02:00 ERR (3): exception 'Zend_Controller_Dispatcher_Exception' with message 'Invalid controller specified (favicon.ico)' in /Users/stefanooldeman/Sites/ketchup/lib/Zend/Controller/Dispatcher/Standard.php:248
Stack trace:
#0 /Users/stefanooldeman/Sites/ketchup/lib/Zend/Controller/Front.php(954): Zend_Controller_Dispatcher_Standard->dispatch(Object(Zend_Controller_Request_Http), Object(Zend_Controller_Response_Http))
#1 /Users/stefanooldeman/Sites/ketchup/lib/Zend/Application/Bootstrap/Bootstrap.php(97): Zend_Controller_Front->dispatch()
#2 /Users/stefanooldeman/Sites/ketchup/lib/Zend/Application.php(366): Zend_Application_Bootstrap_Bootstrap->run()
#3 /Users/stefanooldeman/Sites/ketchup/public/index.php(26): Zend_Application->run()
#4 {main}
2010-09-26T21:00:39+02:00 ERR (3): exception 'Zend_Controller_Dispatcher_Exception' with message 'Invalid controller specified (css)' in /Users/stefanooldeman/Sites/ketchup/lib/Zend/Controller/Dispatcher/Standard.php:248
Stack trace:
#0 /Users/stefanooldeman/Sites/ketchup/lib/Zend/Controller/Front.php(954): Zend_Controller_Dispatcher_Standard->dispatch(Object(Zend_Controller_Request_Http), Object(Zend_Controller_Response_Http))
#1 /Users/stefanooldeman/Sites/ketchup/lib/Zend/Application/Bootstrap/Bootstrap.php(97): Zend_Controller_Front->dispatch()
#2 /Users/stefanooldeman/Sites/ketchup/lib/Zend/Application.php(366): Zend_Application_Bootstrap_Bootstrap->run()
#3 /Users/stefanooldeman/Sites/ketchup/public/index.php(26): Zend_Application->run()
#4 {main}
2010-09-26T21:00:40+02:00 ERR (3): exception 'Zend_Controller_Dispatcher_Exception' with message 'Invalid controller specified (favicon.ico)' in /Users/stefanooldeman/Sites/ketchup/lib/Zend/Controller/Dispatcher/Standard.php:248
Stack trace:
#0 /Users/stefanooldeman/Sites/ketchup/lib/Zend/Controller/Front.php(954): Zend_Controller_Dispatcher_Standard->dispatch(Object(Zend_Controller_Request_Http), Object(Zend_Controller_Response_Http))
#1 /Users/stefanooldeman/Sites/ketchup/lib/Zend/Application/Bootstrap/Bootstrap.php(97): Zend_Controller_Front->dispatch()
#2 /Users/stefanooldeman/Sites/ketchup/lib/Zend/Application.php(366): Zend_Application_Bootstrap_Bootstrap->run()
#3 /Users/stefanooldeman/Sites/ketchup/public/index.php(26): Zend_Application->run()
#4 {main}
2010-10-08T20:11:56+02:00 ERR (3): exception 'Zend_Controller_Dispatcher_Exception' with message 'Invalid controller specified (css)' in /Users/stefanooldeman/Sites/ketchup/lib/Zend/Controller/Dispatcher/Standard.php:248
Stack trace:
#0 /Users/stefanooldeman/Sites/ketchup/lib/Zend/Controller/Front.php(954): Zend_Controller_Dispatcher_Standard->dispatch(Object(Zend_Controller_Request_Http), Object(Zend_Controller_Response_Http))
#1 /Users/stefanooldeman/Sites/ketchup/lib/Zend/Application/Bootstrap/Bootstrap.php(97): Zend_Controller_Front->dispatch()
#2 /Users/stefanooldeman/Sites/ketchup/lib/Zend/Application.php(366): Zend_Application_Bootstrap_Bootstrap->run()
#3 /Users/stefanooldeman/Sites/ketchup/public/index.php(26): Zend_Application->run()
#4 {main}
2010-10-08T20:11:56+02:00 ERR (3): exception 'Zend_Controller_Dispatcher_Exception' with message 'Invalid controller specified (favicon.ico)' in /Users/stefanooldeman/Sites/ketchup/lib/Zend/Controller/Dispatcher/Standard.php:248
Stack trace:
#0 /Users/stefanooldeman/Sites/ketchup/lib/Zend/Controller/Front.php(954): Zend_Controller_Dispatcher_Standard->dispatch(Object(Zend_Controller_Request_Http), Object(Zend_Controller_Response_Http))
#1 /Users/stefanooldeman/Sites/ketchup/lib/Zend/Application/Bootstrap/Bootstrap.php(97): Zend_Controller_Front->dispatch()
#2 /Users/stefanooldeman/Sites/ketchup/lib/Zend/Application.php(366): Zend_Application_Bootstrap_Bootstrap->run()
#3 /Users/stefanooldeman/Sites/ketchup/public/index.php(26): Zend_Application->run()
#4 {main}
2010-10-08T20:11:59+02:00 ERR (3): exception 'Zend_Controller_Dispatcher_Exception' with message 'Invalid controller specified (favicon.ico)' in /Users/stefanooldeman/Sites/ketchup/lib/Zend/Controller/Dispatcher/Standard.php:248
Stack trace:
#0 /Users/stefanooldeman/Sites/ketchup/lib/Zend/Controller/Front.php(954): Zend_Controller_Dispatcher_Standard->dispatch(Object(Zend_Controller_Request_Http), Object(Zend_Controller_Response_Http))
#1 /Users/stefanooldeman/Sites/ketchup/lib/Zend/Application/Bootstrap/Bootstrap.php(97): Zend_Controller_Front->dispatch()
#2 /Users/stefanooldeman/Sites/ketchup/lib/Zend/Application.php(366): Zend_Application_Bootstrap_Bootstrap->run()
#3 /Users/stefanooldeman/Sites/ketchup/public/index.php(26): Zend_Application->run()
#4 {main}
2010-10-09T15:01:24+02:00 ERR (3): exception 'Zend_Controller_Dispatcher_Exception' with message 'Invalid controller specified (css)' in /Users/stefanooldeman/Sites/ketchup/lib/Zend/Controller/Dispatcher/Standard.php:248
Stack trace:
#0 /Users/stefanooldeman/Sites/ketchup/lib/Zend/Controller/Front.php(954): Zend_Controller_Dispatcher_Standard->dispatch(Object(Zend_Controller_Request_Http), Object(Zend_Controller_Response_Http))
#1 /Users/stefanooldeman/Sites/ketchup/lib/Zend/Application/Bootstrap/Bootstrap.php(97): Zend_Controller_Front->dispatch()
#2 /Users/stefanooldeman/Sites/ketchup/lib/Zend/Application.php(366): Zend_Application_Bootstrap_Bootstrap->run()
#3 /Users/stefanooldeman/Sites/ketchup/public/index.php(26): Zend_Application->run()
#4 {main}
2010-10-09T15:01:24+02:00 ERR (3): exception 'Zend_Controller_Dispatcher_Exception' with message 'Invalid controller specified (favicon.ico)' in /Users/stefanooldeman/Sites/ketchup/lib/Zend/Controller/Dispatcher/Standard.php:248
Stack trace:
#0 /Users/stefanooldeman/Sites/ketchup/lib/Zend/Controller/Front.php(954): Zend_Controller_Dispatcher_Standard->dispatch(Object(Zend_Controller_Request_Http), Object(Zend_Controller_Response_Http))
#1 /Users/stefanooldeman/Sites/ketchup/lib/Zend/Application/Bootstrap/Bootstrap.php(97): Zend_Controller_Front->dispatch()
#2 /Users/stefanooldeman/Sites/ketchup/lib/Zend/Application.php(366): Zend_Application_Bootstrap_Bootstrap->run()
#3 /Users/stefanooldeman/Sites/ketchup/public/index.php(26): Zend_Application->run()
#4 {main}
2010-10-09T15:01:28+02:00 ERR (3): exception 'Zend_Controller_Dispatcher_Exception' with message 'Invalid controller specified (favicon.ico)' in /Users/stefanooldeman/Sites/ketchup/lib/Zend/Controller/Dispatcher/Standard.php:248
Stack trace:
#0 /Users/stefanooldeman/Sites/ketchup/lib/Zend/Controller/Front.php(954): Zend_Controller_Dispatcher_Standard->dispatch(Object(Zend_Controller_Request_Http), Object(Zend_Controller_Response_Http))
#1 /Users/stefanooldeman/Sites/ketchup/lib/Zend/Application/Bootstrap/Bootstrap.php(97): Zend_Controller_Front->dispatch()
#2 /Users/stefanooldeman/Sites/ketchup/lib/Zend/Application.php(366): Zend_Application_Bootstrap_Bootstrap->run()
#3 /Users/stefanooldeman/Sites/ketchup/public/index.php(26): Zend_Application->run()
#4 {main}
2010-10-09T15:02:20+02:00 ERR (3): exception 'Zend_Controller_Dispatcher_Exception' with message 'Invalid controller specified (css)' in /Users/stefanooldeman/Sites/ketchup/lib/Zend/Controller/Dispatcher/Standard.php:248
Stack trace:
#0 /Users/stefanooldeman/Sites/ketchup/lib/Zend/Controller/Front.php(954): Zend_Controller_Dispatcher_Standard->dispatch(Object(Zend_Controller_Request_Http), Object(Zend_Controller_Response_Http))
#1 /Users/stefanooldeman/Sites/ketchup/lib/Zend/Application/Bootstrap/Bootstrap.php(97): Zend_Controller_Front->dispatch()
#2 /Users/stefanooldeman/Sites/ketchup/lib/Zend/Application.php(366): Zend_Application_Bootstrap_Bootstrap->run()
#3 /Users/stefanooldeman/Sites/ketchup/public/index.php(27): Zend_Application->run()
#4 {main}
2010-10-09T15:02:21+02:00 ERR (3): exception 'Zend_Controller_Dispatcher_Exception' with message 'Invalid controller specified (css)' in /Users/stefanooldeman/Sites/ketchup/lib/Zend/Controller/Dispatcher/Standard.php:248
Stack trace:
#0 /Users/stefanooldeman/Sites/ketchup/lib/Zend/Controller/Front.php(954): Zend_Controller_Dispatcher_Standard->dispatch(Object(Zend_Controller_Request_Http), Object(Zend_Controller_Response_Http))
#1 /Users/stefanooldeman/Sites/ketchup/lib/Zend/Application/Bootstrap/Bootstrap.php(97): Zend_Controller_Front->dispatch()
#2 /Users/stefanooldeman/Sites/ketchup/lib/Zend/Application.php(366): Zend_Application_Bootstrap_Bootstrap->run()
#3 /Users/stefanooldeman/Sites/ketchup/public/index.php(27): Zend_Application->run()
#4 {main}
2010-10-09T15:11:50+02:00 ERR (3): exception 'Zend_Controller_Dispatcher_Exception' with message 'Invalid controller specified (css)' in /Users/stefanooldeman/Sites/ketchup/lib/Zend/Controller/Dispatcher/Standard.php:248
Stack trace:
#0 /Users/stefanooldeman/Sites/ketchup/lib/Zend/Controller/Front.php(954): Zend_Controller_Dispatcher_Standard->dispatch(Object(Zend_Controller_Request_Http), Object(Zend_Controller_Response_Http))
#1 /Users/stefanooldeman/Sites/ketchup/lib/Zend/Application/Bootstrap/Bootstrap.php(97): Zend_Controller_Front->dispatch()
#2 /Users/stefanooldeman/Sites/ketchup/lib/Zend/Application.php(366): Zend_Application_Bootstrap_Bootstrap->run()
#3 /Users/stefanooldeman/Sites/ketchup/public/index.php(27): Zend_Application->run()
#4 {main}
2010-10-09T15:12:34+02:00 ERR (3): exception 'Zend_Controller_Dispatcher_Exception' with message 'Invalid controller specified (css)' in /Users/stefanooldeman/Sites/ketchup/lib/Zend/Controller/Dispatcher/Standard.php:248
Stack trace:
#0 /Users/stefanooldeman/Sites/ketchup/lib/Zend/Controller/Front.php(954): Zend_Controller_Dispatcher_Standard->dispatch(Object(Zend_Controller_Request_Http), Object(Zend_Controller_Response_Http))
#1 /Users/stefanooldeman/Sites/ketchup/lib/Zend/Application/Bootstrap/Bootstrap.php(97): Zend_Controller_Front->dispatch()
#2 /Users/stefanooldeman/Sites/ketchup/lib/Zend/Application.php(366): Zend_Application_Bootstrap_Bootstrap->run()
#3 /Users/stefanooldeman/Sites/ketchup/public/index.php(27): Zend_Application->run()
#4 {main}
2010-10-09T15:14:28+02:00 ERR (3): exception 'Zend_Controller_Dispatcher_Exception' with message 'Invalid controller specified (css)' in /Users/stefanooldeman/Sites/ketchup/lib/Zend/Controller/Dispatcher/Standard.php:248
Stack trace:
#0 /Users/stefanooldeman/Sites/ketchup/lib/Zend/Controller/Front.php(954): Zend_Controller_Dispatcher_Standard->dispatch(Object(Zend_Controller_Request_Http), Object(Zend_Controller_Response_Http))
#1 /Users/stefanooldeman/Sites/ketchup/lib/Zend/Application/Bootstrap/Bootstrap.php(97): Zend_Controller_Front->dispatch()
#2 /Users/stefanooldeman/Sites/ketchup/lib/Zend/Application.php(366): Zend_Application_Bootstrap_Bootstrap->run()
#3 /Users/stefanooldeman/Sites/ketchup/public/index.php(28): Zend_Application->run()
#4 {main}
2010-10-09T16:01:17+02:00 ERR (3): exception 'Zend_Controller_Dispatcher_Exception' with message 'Invalid controller specified (css)' in /Users/stefanooldeman/Sites/ketchup/lib/Zend/Controller/Dispatcher/Standard.php:248
Stack trace:
#0 /Users/stefanooldeman/Sites/ketchup/lib/Zend/Controller/Front.php(954): Zend_Controller_Dispatcher_Standard->dispatch(Object(Zend_Controller_Request_Http), Object(Zend_Controller_Response_Http))
#1 /Users/stefanooldeman/Sites/ketchup/lib/Zend/Application/Bootstrap/Bootstrap.php(97): Zend_Controller_Front->dispatch()
#2 /Users/stefanooldeman/Sites/ketchup/lib/Zend/Application.php(366): Zend_Application_Bootstrap_Bootstrap->run()
#3 /Users/stefanooldeman/Sites/ketchup/public/index.php(27): Zend_Application->run()
#4 {main}
2010-10-09T16:37:47+02:00 ERR (3): exception 'Zend_Controller_Dispatcher_Exception' with message 'Invalid controller specified (css)' in /Users/stefanooldeman/Sites/ketchup/lib/Zend/Controller/Dispatcher/Standard.php:248
Stack trace:
#0 /Users/stefanooldeman/Sites/ketchup/lib/Zend/Controller/Front.php(954): Zend_Controller_Dispatcher_Standard->dispatch(Object(Zend_Controller_Request_Http), Object(Zend_Controller_Response_Http))
#1 /Users/stefanooldeman/Sites/ketchup/lib/Zend/Application/Bootstrap/Bootstrap.php(97): Zend_Controller_Front->dispatch()
#2 /Users/stefanooldeman/Sites/ketchup/lib/Zend/Application.php(366): Zend_Application_Bootstrap_Bootstrap->run()
#3 /Users/stefanooldeman/Sites/ketchup/public/index.php(27): Zend_Application->run()
#4 {main}
2010-10-09T16:38:23+02:00 ERR (3): exception 'Zend_Controller_Dispatcher_Exception' with message 'Invalid controller specified (css)' in /Users/stefanooldeman/Sites/ketchup/lib/Zend/Controller/Dispatcher/Standard.php:248
Stack trace:
#0 /Users/stefanooldeman/Sites/ketchup/lib/Zend/Controller/Front.php(954): Zend_Controller_Dispatcher_Standard->dispatch(Object(Zend_Controller_Request_Http), Object(Zend_Controller_Response_Http))
#1 /Users/stefanooldeman/Sites/ketchup/lib/Zend/Application/Bootstrap/Bootstrap.php(97): Zend_Controller_Front->dispatch()
#2 /Users/stefanooldeman/Sites/ketchup/lib/Zend/Application.php(366): Zend_Application_Bootstrap_Bootstrap->run()
#3 /Users/stefanooldeman/Sites/ketchup/public/index.php(27): Zend_Application->run()
#4 {main}
2010-10-09T16:38:55+02:00 ERR (3): exception 'Zend_Controller_Dispatcher_Exception' with message 'Invalid controller specified (css)' in /Users/stefanooldeman/Sites/ketchup/lib/Zend/Controller/Dispatcher/Standard.php:248
Stack trace:
#0 /Users/stefanooldeman/Sites/ketchup/lib/Zend/Controller/Front.php(954): Zend_Controller_Dispatcher_Standard->dispatch(Object(Zend_Controller_Request_Http), Object(Zend_Controller_Response_Http))
#1 /Users/stefanooldeman/Sites/ketchup/lib/Zend/Application/Bootstrap/Bootstrap.php(97): Zend_Controller_Front->dispatch()
#2 /Users/stefanooldeman/Sites/ketchup/lib/Zend/Application.php(366): Zend_Application_Bootstrap_Bootstrap->run()
#3 /Users/stefanooldeman/Sites/ketchup/public/index.php(27): Zend_Application->run()
#4 {main}
2010-10-09T16:39:09+02:00 ERR (3): exception 'Zend_Controller_Dispatcher_Exception' with message 'Invalid controller specified (css)' in /Users/stefanooldeman/Sites/ketchup/lib/Zend/Controller/Dispatcher/Standard.php:248
Stack trace:
#0 /Users/stefanooldeman/Sites/ketchup/lib/Zend/Controller/Front.php(954): Zend_Controller_Dispatcher_Standard->dispatch(Object(Zend_Controller_Request_Http), Object(Zend_Controller_Response_Http))
#1 /Users/stefanooldeman/Sites/ketchup/lib/Zend/Application/Bootstrap/Bootstrap.php(97): Zend_Controller_Front->dispatch()
#2 /Users/stefanooldeman/Sites/ketchup/lib/Zend/Application.php(366): Zend_Application_Bootstrap_Bootstrap->run()
#3 /Users/stefanooldeman/Sites/ketchup/public/index.php(27): Zend_Application->run()
#4 {main}
2010-10-09T16:39:16+02:00 ERR (3): exception 'Zend_Controller_Dispatcher_Exception' with message 'Invalid controller specified (css)' in /Users/stefanooldeman/Sites/ketchup/lib/Zend/Controller/Dispatcher/Standard.php:248
Stack trace:
#0 /Users/stefanooldeman/Sites/ketchup/lib/Zend/Controller/Front.php(954): Zend_Controller_Dispatcher_Standard->dispatch(Object(Zend_Controller_Request_Http), Object(Zend_Controller_Response_Http))
#1 /Users/stefanooldeman/Sites/ketchup/lib/Zend/Application/Bootstrap/Bootstrap.php(97): Zend_Controller_Front->dispatch()
#2 /Users/stefanooldeman/Sites/ketchup/lib/Zend/Application.php(366): Zend_Application_Bootstrap_Bootstrap->run()
#3 /Users/stefanooldeman/Sites/ketchup/public/index.php(27): Zend_Application->run()
#4 {main}
2010-10-09T16:39:30+02:00 ERR (3): exception 'Zend_Controller_Dispatcher_Exception' with message 'Invalid controller specified (css)' in /Users/stefanooldeman/Sites/ketchup/lib/Zend/Controller/Dispatcher/Standard.php:248
Stack trace:
#0 /Users/stefanooldeman/Sites/ketchup/lib/Zend/Controller/Front.php(954): Zend_Controller_Dispatcher_Standard->dispatch(Object(Zend_Controller_Request_Http), Object(Zend_Controller_Response_Http))
#1 /Users/stefanooldeman/Sites/ketchup/lib/Zend/Application/Bootstrap/Bootstrap.php(97): Zend_Controller_Front->dispatch()
#2 /Users/stefanooldeman/Sites/ketchup/lib/Zend/Application.php(366): Zend_Application_Bootstrap_Bootstrap->run()
#3 /Users/stefanooldeman/Sites/ketchup/public/index.php(27): Zend_Application->run()
#4 {main}
2010-10-09T18:24:35+02:00 ERR (3): exception 'Zend_Controller_Dispatcher_Exception' with message 'Invalid controller specified (css)' in /Users/stefanooldeman/Sites/ketchup/lib/Zend/Controller/Dispatcher/Standard.php:248
Stack trace:
#0 /Users/stefanooldeman/Sites/ketchup/lib/Zend/Controller/Front.php(954): Zend_Controller_Dispatcher_Standard->dispatch(Object(Zend_Controller_Request_Http), Object(Zend_Controller_Response_Http))
#1 /Users/stefanooldeman/Sites/ketchup/lib/Zend/Application/Bootstrap/Bootstrap.php(97): Zend_Controller_Front->dispatch()
#2 /Users/stefanooldeman/Sites/ketchup/lib/Zend/Application.php(366): Zend_Application_Bootstrap_Bootstrap->run()
#3 /Users/stefanooldeman/Sites/ketchup/public/index.php(26): Zend_Application->run()
#4 {main}
2010-10-09T18:25:32+02:00 ERR (3): exception 'Zend_Controller_Dispatcher_Exception' with message 'Invalid controller specified (css)' in /Users/stefanooldeman/Sites/ketchup/lib/Zend/Controller/Dispatcher/Standard.php:248
Stack trace:
#0 /Users/stefanooldeman/Sites/ketchup/lib/Zend/Controller/Front.php(954): Zend_Controller_Dispatcher_Standard->dispatch(Object(Zend_Controller_Request_Http), Object(Zend_Controller_Response_Http))
#1 /Users/stefanooldeman/Sites/ketchup/lib/Zend/Application/Bootstrap/Bootstrap.php(97): Zend_Controller_Front->dispatch()
#2 /Users/stefanooldeman/Sites/ketchup/lib/Zend/Application.php(366): Zend_Application_Bootstrap_Bootstrap->run()
#3 /Users/stefanooldeman/Sites/ketchup/public/index.php(26): Zend_Application->run()
#4 {main}
2010-10-09T18:25:49+02:00 ERR (3): exception 'Zend_Controller_Dispatcher_Exception' with message 'Invalid controller specified (css)' in /Users/stefanooldeman/Sites/ketchup/lib/Zend/Controller/Dispatcher/Standard.php:248
Stack trace:
#0 /Users/stefanooldeman/Sites/ketchup/lib/Zend/Controller/Front.php(954): Zend_Controller_Dispatcher_Standard->dispatch(Object(Zend_Controller_Request_Http), Object(Zend_Controller_Response_Http))
#1 /Users/stefanooldeman/Sites/ketchup/lib/Zend/Application/Bootstrap/Bootstrap.php(97): Zend_Controller_Front->dispatch()
#2 /Users/stefanooldeman/Sites/ketchup/lib/Zend/Application.php(366): Zend_Application_Bootstrap_Bootstrap->run()
#3 /Users/stefanooldeman/Sites/ketchup/public/index.php(26): Zend_Application->run()
#4 {main}
2010-10-09T18:26:01+02:00 ERR (3): exception 'Zend_Controller_Dispatcher_Exception' with message 'Invalid controller specified (css)' in /Users/stefanooldeman/Sites/ketchup/lib/Zend/Controller/Dispatcher/Standard.php:248
Stack trace:
#0 /Users/stefanooldeman/Sites/ketchup/lib/Zend/Controller/Front.php(954): Zend_Controller_Dispatcher_Standard->dispatch(Object(Zend_Controller_Request_Http), Object(Zend_Controller_Response_Http))
#1 /Users/stefanooldeman/Sites/ketchup/lib/Zend/Application/Bootstrap/Bootstrap.php(97): Zend_Controller_Front->dispatch()
#2 /Users/stefanooldeman/Sites/ketchup/lib/Zend/Application.php(366): Zend_Application_Bootstrap_Bootstrap->run()
#3 /Users/stefanooldeman/Sites/ketchup/public/index.php(26): Zend_Application->run()
#4 {main}
2010-10-09T18:26:03+02:00 ERR (3): exception 'Zend_Controller_Dispatcher_Exception' with message 'Invalid controller specified (css)' in /Users/stefanooldeman/Sites/ketchup/lib/Zend/Controller/Dispatcher/Standard.php:248
Stack trace:
#0 /Users/stefanooldeman/Sites/ketchup/lib/Zend/Controller/Front.php(954): Zend_Controller_Dispatcher_Standard->dispatch(Object(Zend_Controller_Request_Http), Object(Zend_Controller_Response_Http))
#1 /Users/stefanooldeman/Sites/ketchup/lib/Zend/Application/Bootstrap/Bootstrap.php(97): Zend_Controller_Front->dispatch()
#2 /Users/stefanooldeman/Sites/ketchup/lib/Zend/Application.php(366): Zend_Application_Bootstrap_Bootstrap->run()
#3 /Users/stefanooldeman/Sites/ketchup/public/index.php(26): Zend_Application->run()
#4 {main}
2010-10-09T18:28:21+02:00 ERR (3): exception 'Zend_Controller_Dispatcher_Exception' with message 'Invalid controller specified (css)' in /Users/stefanooldeman/Sites/ketchup/lib/Zend/Controller/Dispatcher/Standard.php:248
Stack trace:
#0 /Users/stefanooldeman/Sites/ketchup/lib/Zend/Controller/Front.php(954): Zend_Controller_Dispatcher_Standard->dispatch(Object(Zend_Controller_Request_Http), Object(Zend_Controller_Response_Http))
#1 /Users/stefanooldeman/Sites/ketchup/lib/Zend/Application/Bootstrap/Bootstrap.php(97): Zend_Controller_Front->dispatch()
#2 /Users/stefanooldeman/Sites/ketchup/lib/Zend/Application.php(366): Zend_Application_Bootstrap_Bootstrap->run()
#3 /Users/stefanooldeman/Sites/ketchup/public/index.php(26): Zend_Application->run()
#4 {main}
2010-10-09T18:30:02+02:00 ERR (3): exception 'Zend_Controller_Dispatcher_Exception' with message 'Invalid controller specified (css)' in /Users/stefanooldeman/Sites/ketchup/lib/Zend/Controller/Dispatcher/Standard.php:248
Stack trace:
#0 /Users/stefanooldeman/Sites/ketchup/lib/Zend/Controller/Front.php(954): Zend_Controller_Dispatcher_Standard->dispatch(Object(Zend_Controller_Request_Http), Object(Zend_Controller_Response_Http))
#1 /Users/stefanooldeman/Sites/ketchup/lib/Zend/Application/Bootstrap/Bootstrap.php(97): Zend_Controller_Front->dispatch()
#2 /Users/stefanooldeman/Sites/ketchup/lib/Zend/Application.php(366): Zend_Application_Bootstrap_Bootstrap->run()
#3 /Users/stefanooldeman/Sites/ketchup/public/index.php(26): Zend_Application->run()
#4 {main}
2010-10-09T18:31:07+02:00 ERR (3): exception 'Zend_Controller_Dispatcher_Exception' with message 'Invalid controller specified (css)' in /Users/stefanooldeman/Sites/ketchup/lib/Zend/Controller/Dispatcher/Standard.php:248
Stack trace:
#0 /Users/stefanooldeman/Sites/ketchup/lib/Zend/Controller/Front.php(954): Zend_Controller_Dispatcher_Standard->dispatch(Object(Zend_Controller_Request_Http), Object(Zend_Controller_Response_Http))
#1 /Users/stefanooldeman/Sites/ketchup/lib/Zend/Application/Bootstrap/Bootstrap.php(97): Zend_Controller_Front->dispatch()
#2 /Users/stefanooldeman/Sites/ketchup/lib/Zend/Application.php(366): Zend_Application_Bootstrap_Bootstrap->run()
#3 /Users/stefanooldeman/Sites/ketchup/public/index.php(26): Zend_Application->run()
#4 {main}
2010-10-09T18:32:55+02:00 ERR (3): exception 'Zend_Controller_Dispatcher_Exception' with message 'Invalid controller specified (css)' in /Users/stefanooldeman/Sites/ketchup/lib/Zend/Controller/Dispatcher/Standard.php:248
Stack trace:
#0 /Users/stefanooldeman/Sites/ketchup/lib/Zend/Controller/Front.php(954): Zend_Controller_Dispatcher_Standard->dispatch(Object(Zend_Controller_Request_Http), Object(Zend_Controller_Response_Http))
#1 /Users/stefanooldeman/Sites/ketchup/lib/Zend/Application/Bootstrap/Bootstrap.php(97): Zend_Controller_Front->dispatch()
#2 /Users/stefanooldeman/Sites/ketchup/lib/Zend/Application.php(366): Zend_Application_Bootstrap_Bootstrap->run()
#3 /Users/stefanooldeman/Sites/ketchup/public/index.php(26): Zend_Application->run()
#4 {main}
2010-10-09T18:35:25+02:00 ERR (3): exception 'Zend_Controller_Dispatcher_Exception' with message 'Invalid controller specified (css)' in /Users/stefanooldeman/Sites/ketchup/lib/Zend/Controller/Dispatcher/Standard.php:248
Stack trace:
#0 /Users/stefanooldeman/Sites/ketchup/lib/Zend/Controller/Front.php(954): Zend_Controller_Dispatcher_Standard->dispatch(Object(Zend_Controller_Request_Http), Object(Zend_Controller_Response_Http))
#1 /Users/stefanooldeman/Sites/ketchup/lib/Zend/Application/Bootstrap/Bootstrap.php(97): Zend_Controller_Front->dispatch()
#2 /Users/stefanooldeman/Sites/ketchup/lib/Zend/Application.php(366): Zend_Application_Bootstrap_Bootstrap->run()
#3 /Users/stefanooldeman/Sites/ketchup/public/index.php(26): Zend_Application->run()
#4 {main}
2010-10-09T18:36:03+02:00 ERR (3): exception 'Zend_Controller_Dispatcher_Exception' with message 'Invalid controller specified (css)' in /Users/stefanooldeman/Sites/ketchup/lib/Zend/Controller/Dispatcher/Standard.php:248
Stack trace:
#0 /Users/stefanooldeman/Sites/ketchup/lib/Zend/Controller/Front.php(954): Zend_Controller_Dispatcher_Standard->dispatch(Object(Zend_Controller_Request_Http), Object(Zend_Controller_Response_Http))
#1 /Users/stefanooldeman/Sites/ketchup/lib/Zend/Application/Bootstrap/Bootstrap.php(97): Zend_Controller_Front->dispatch()
#2 /Users/stefanooldeman/Sites/ketchup/lib/Zend/Application.php(366): Zend_Application_Bootstrap_Bootstrap->run()
#3 /Users/stefanooldeman/Sites/ketchup/public/index.php(26): Zend_Application->run()
#4 {main}
2010-10-10T19:37:50+02:00 ERR (3): exception 'Zend_Controller_Dispatcher_Exception' with message 'Invalid controller specified (css)' in /Users/stefanooldeman/Sites/ketchup/lib/Zend/Controller/Dispatcher/Standard.php:248
Stack trace:
#0 /Users/stefanooldeman/Sites/ketchup/lib/Zend/Controller/Front.php(954): Zend_Controller_Dispatcher_Standard->dispatch(Object(Zend_Controller_Request_Http), Object(Zend_Controller_Response_Http))
#1 /Users/stefanooldeman/Sites/ketchup/lib/Zend/Application/Bootstrap/Bootstrap.php(97): Zend_Controller_Front->dispatch()
#2 /Users/stefanooldeman/Sites/ketchup/lib/Zend/Application.php(366): Zend_Application_Bootstrap_Bootstrap->run()
#3 /Users/stefanooldeman/Sites/ketchup/public/index.php(26): Zend_Application->run()
#4 {main}
2010-10-10T19:44:36+02:00 ERR (3): exception 'Zend_Controller_Dispatcher_Exception' with message 'Invalid controller specified (css)' in /Users/stefanooldeman/Sites/ketchup/lib/Zend/Controller/Dispatcher/Standard.php:248
Stack trace:
#0 /Users/stefanooldeman/Sites/ketchup/lib/Zend/Controller/Front.php(954): Zend_Controller_Dispatcher_Standard->dispatch(Object(Zend_Controller_Request_Http), Object(Zend_Controller_Response_Http))
#1 /Users/stefanooldeman/Sites/ketchup/lib/Zend/Application/Bootstrap/Bootstrap.php(97): Zend_Controller_Front->dispatch()
#2 /Users/stefanooldeman/Sites/ketchup/lib/Zend/Application.php(366): Zend_Application_Bootstrap_Bootstrap->run()
#3 /Users/stefanooldeman/Sites/ketchup/public/index.php(26): Zend_Application->run()
#4 {main}
2010-10-10T20:05:01+02:00 ERR (3): exception 'Zend_Controller_Dispatcher_Exception' with message 'Invalid controller specified (css)' in /Users/stefanooldeman/Sites/ketchup/lib/Zend/Controller/Dispatcher/Standard.php:248
Stack trace:
#0 /Users/stefanooldeman/Sites/ketchup/lib/Zend/Controller/Front.php(954): Zend_Controller_Dispatcher_Standard->dispatch(Object(Zend_Controller_Request_Http), Object(Zend_Controller_Response_Http))
#1 /Users/stefanooldeman/Sites/ketchup/lib/Zend/Application/Bootstrap/Bootstrap.php(97): Zend_Controller_Front->dispatch()
#2 /Users/stefanooldeman/Sites/ketchup/lib/Zend/Application.php(366): Zend_Application_Bootstrap_Bootstrap->run()
#3 /Users/stefanooldeman/Sites/ketchup/public/index.php(26): Zend_Application->run()
#4 {main}
2010-10-10T20:32:08+02:00 ERR (3): exception 'Zend_Controller_Dispatcher_Exception' with message 'Invalid controller specified (css)' in /Users/stefanooldeman/Sites/ketchup/lib/Zend/Controller/Dispatcher/Standard.php:248
Stack trace:
#0 /Users/stefanooldeman/Sites/ketchup/lib/Zend/Controller/Front.php(954): Zend_Controller_Dispatcher_Standard->dispatch(Object(Zend_Controller_Request_Http), Object(Zend_Controller_Response_Http))
#1 /Users/stefanooldeman/Sites/ketchup/lib/Zend/Application/Bootstrap/Bootstrap.php(97): Zend_Controller_Front->dispatch()
#2 /Users/stefanooldeman/Sites/ketchup/lib/Zend/Application.php(366): Zend_Application_Bootstrap_Bootstrap->run()
#3 /Users/stefanooldeman/Sites/ketchup/public/index.php(26): Zend_Application->run()
#4 {main}
2010-10-10T20:32:08+02:00 ERR (3): exception 'Zend_Controller_Dispatcher_Exception' with message 'Invalid controller specified (favicon.ico)' in /Users/stefanooldeman/Sites/ketchup/lib/Zend/Controller/Dispatcher/Standard.php:248
Stack trace:
#0 /Users/stefanooldeman/Sites/ketchup/lib/Zend/Controller/Front.php(954): Zend_Controller_Dispatcher_Standard->dispatch(Object(Zend_Controller_Request_Http), Object(Zend_Controller_Response_Http))
#1 /Users/stefanooldeman/Sites/ketchup/lib/Zend/Application/Bootstrap/Bootstrap.php(97): Zend_Controller_Front->dispatch()
#2 /Users/stefanooldeman/Sites/ketchup/lib/Zend/Application.php(366): Zend_Application_Bootstrap_Bootstrap->run()
#3 /Users/stefanooldeman/Sites/ketchup/public/index.php(26): Zend_Application->run()
#4 {main}
2010-10-10T21:33:00+02:00 ERR (3): exception 'Zend_Controller_Dispatcher_Exception' with message 'Invalid controller specified (css)' in /Users/stefanooldeman/Sites/ketchup/lib/Zend/Controller/Dispatcher/Standard.php:248
Stack trace:
#0 /Users/stefanooldeman/Sites/ketchup/lib/Zend/Controller/Front.php(954): Zend_Controller_Dispatcher_Standard->dispatch(Object(Zend_Controller_Request_Http), Object(Zend_Controller_Response_Http))
#1 /Users/stefanooldeman/Sites/ketchup/lib/Zend/Application/Bootstrap/Bootstrap.php(97): Zend_Controller_Front->dispatch()
#2 /Users/stefanooldeman/Sites/ketchup/lib/Zend/Application.php(366): Zend_Application_Bootstrap_Bootstrap->run()
#3 /Users/stefanooldeman/Sites/ketchup/public/index.php(26): Zend_Application->run()
#4 {main}
2010-10-10T21:35:28+02:00 ERR (3): exception 'Zend_Controller_Dispatcher_Exception' with message 'Invalid controller specified (css)' in /Users/stefanooldeman/Sites/ketchup/lib/Zend/Controller/Dispatcher/Standard.php:248
Stack trace:
#0 /Users/stefanooldeman/Sites/ketchup/lib/Zend/Controller/Front.php(954): Zend_Controller_Dispatcher_Standard->dispatch(Object(Zend_Controller_Request_Http), Object(Zend_Controller_Response_Http))
#1 /Users/stefanooldeman/Sites/ketchup/lib/Zend/Application/Bootstrap/Bootstrap.php(97): Zend_Controller_Front->dispatch()
#2 /Users/stefanooldeman/Sites/ketchup/lib/Zend/Application.php(366): Zend_Application_Bootstrap_Bootstrap->run()
#3 /Users/stefanooldeman/Sites/ketchup/public/index.php(26): Zend_Application->run()
#4 {main}
2010-10-10T21:35:41+02:00 ERR (3): exception 'Zend_Controller_Dispatcher_Exception' with message 'Invalid controller specified (css)' in /Users/stefanooldeman/Sites/ketchup/lib/Zend/Controller/Dispatcher/Standard.php:248
Stack trace:
#0 /Users/stefanooldeman/Sites/ketchup/lib/Zend/Controller/Front.php(954): Zend_Controller_Dispatcher_Standard->dispatch(Object(Zend_Controller_Request_Http), Object(Zend_Controller_Response_Http))
#1 /Users/stefanooldeman/Sites/ketchup/lib/Zend/Application/Bootstrap/Bootstrap.php(97): Zend_Controller_Front->dispatch()
#2 /Users/stefanooldeman/Sites/ketchup/lib/Zend/Application.php(366): Zend_Application_Bootstrap_Bootstrap->run()
#3 /Users/stefanooldeman/Sites/ketchup/public/index.php(26): Zend_Application->run()
#4 {main}
2010-10-10T21:36:20+02:00 ERR (3): exception 'Zend_Controller_Dispatcher_Exception' with message 'Invalid controller specified (css)' in /Users/stefanooldeman/Sites/ketchup/lib/Zend/Controller/Dispatcher/Standard.php:248
Stack trace:
#0 /Users/stefanooldeman/Sites/ketchup/lib/Zend/Controller/Front.php(954): Zend_Controller_Dispatcher_Standard->dispatch(Object(Zend_Controller_Request_Http), Object(Zend_Controller_Response_Http))
#1 /Users/stefanooldeman/Sites/ketchup/lib/Zend/Application/Bootstrap/Bootstrap.php(97): Zend_Controller_Front->dispatch()
#2 /Users/stefanooldeman/Sites/ketchup/lib/Zend/Application.php(366): Zend_Application_Bootstrap_Bootstrap->run()
#3 /Users/stefanooldeman/Sites/ketchup/public/index.php(26): Zend_Application->run()
#4 {main}
2010-10-10T21:40:53+02:00 ERR (3): exception 'Zend_Controller_Dispatcher_Exception' with message 'Invalid controller specified (css)' in /Users/stefanooldeman/Sites/ketchup/lib/Zend/Controller/Dispatcher/Standard.php:248
Stack trace:
#0 /Users/stefanooldeman/Sites/ketchup/lib/Zend/Controller/Front.php(954): Zend_Controller_Dispatcher_Standard->dispatch(Object(Zend_Controller_Request_Http), Object(Zend_Controller_Response_Http))
#1 /Users/stefanooldeman/Sites/ketchup/lib/Zend/Application/Bootstrap/Bootstrap.php(97): Zend_Controller_Front->dispatch()
#2 /Users/stefanooldeman/Sites/ketchup/lib/Zend/Application.php(366): Zend_Application_Bootstrap_Bootstrap->run()
#3 /Users/stefanooldeman/Sites/ketchup/public/index.php(26): Zend_Application->run()
#4 {main}
2010-10-10T21:44:41+02:00 ERR (3): exception 'Zend_Controller_Dispatcher_Exception' with message 'Invalid controller specified (css)' in /Users/stefanooldeman/Sites/ketchup/lib/Zend/Controller/Dispatcher/Standard.php:248
Stack trace:
#0 /Users/stefanooldeman/Sites/ketchup/lib/Zend/Controller/Front.php(954): Zend_Controller_Dispatcher_Standard->dispatch(Object(Zend_Controller_Request_Http), Object(Zend_Controller_Response_Http))
#1 /Users/stefanooldeman/Sites/ketchup/lib/Zend/Application/Bootstrap/Bootstrap.php(97): Zend_Controller_Front->dispatch()
#2 /Users/stefanooldeman/Sites/ketchup/lib/Zend/Application.php(366): Zend_Application_Bootstrap_Bootstrap->run()
#3 /Users/stefanooldeman/Sites/ketchup/public/index.php(26): Zend_Application->run()
#4 {main}
2010-10-10T21:46:11+02:00 ERR (3): exception 'Zend_Controller_Dispatcher_Exception' with message 'Invalid controller specified (css)' in /Users/stefanooldeman/Sites/ketchup/lib/Zend/Controller/Dispatcher/Standard.php:248
Stack trace:
#0 /Users/stefanooldeman/Sites/ketchup/lib/Zend/Controller/Front.php(954): Zend_Controller_Dispatcher_Standard->dispatch(Object(Zend_Controller_Request_Http), Object(Zend_Controller_Response_Http))
#1 /Users/stefanooldeman/Sites/ketchup/lib/Zend/Application/Bootstrap/Bootstrap.php(97): Zend_Controller_Front->dispatch()
#2 /Users/stefanooldeman/Sites/ketchup/lib/Zend/Application.php(366): Zend_Application_Bootstrap_Bootstrap->run()
#3 /Users/stefanooldeman/Sites/ketchup/public/index.php(26): Zend_Application->run()
#4 {main}
2010-10-10T21:47:22+02:00 ERR (3): exception 'Zend_Controller_Dispatcher_Exception' with message 'Invalid controller specified (css)' in /Users/stefanooldeman/Sites/ketchup/lib/Zend/Controller/Dispatcher/Standard.php:248
Stack trace:
#0 /Users/stefanooldeman/Sites/ketchup/lib/Zend/Controller/Front.php(954): Zend_Controller_Dispatcher_Standard->dispatch(Object(Zend_Controller_Request_Http), Object(Zend_Controller_Response_Http))
#1 /Users/stefanooldeman/Sites/ketchup/lib/Zend/Application/Bootstrap/Bootstrap.php(97): Zend_Controller_Front->dispatch()
#2 /Users/stefanooldeman/Sites/ketchup/lib/Zend/Application.php(366): Zend_Application_Bootstrap_Bootstrap->run()
#3 /Users/stefanooldeman/Sites/ketchup/public/index.php(26): Zend_Application->run()
#4 {main}
2010-10-10T21:47:38+02:00 ERR (3): exception 'Zend_Controller_Dispatcher_Exception' with message 'Invalid controller specified (css)' in /Users/stefanooldeman/Sites/ketchup/lib/Zend/Controller/Dispatcher/Standard.php:248
Stack trace:
#0 /Users/stefanooldeman/Sites/ketchup/lib/Zend/Controller/Front.php(954): Zend_Controller_Dispatcher_Standard->dispatch(Object(Zend_Controller_Request_Http), Object(Zend_Controller_Response_Http))
#1 /Users/stefanooldeman/Sites/ketchup/lib/Zend/Application/Bootstrap/Bootstrap.php(97): Zend_Controller_Front->dispatch()
#2 /Users/stefanooldeman/Sites/ketchup/lib/Zend/Application.php(366): Zend_Application_Bootstrap_Bootstrap->run()
#3 /Users/stefanooldeman/Sites/ketchup/public/index.php(26): Zend_Application->run()
#4 {main}
2010-10-10T21:49:57+02:00 ERR (3): exception 'Zend_Controller_Dispatcher_Exception' with message 'Invalid controller specified (css)' in /Users/stefanooldeman/Sites/ketchup/lib/Zend/Controller/Dispatcher/Standard.php:248
Stack trace:
#0 /Users/stefanooldeman/Sites/ketchup/lib/Zend/Controller/Front.php(954): Zend_Controller_Dispatcher_Standard->dispatch(Object(Zend_Controller_Request_Http), Object(Zend_Controller_Response_Http))
#1 /Users/stefanooldeman/Sites/ketchup/lib/Zend/Application/Bootstrap/Bootstrap.php(97): Zend_Controller_Front->dispatch()
#2 /Users/stefanooldeman/Sites/ketchup/lib/Zend/Application.php(366): Zend_Application_Bootstrap_Bootstrap->run()
#3 /Users/stefanooldeman/Sites/ketchup/public/index.php(26): Zend_Application->run()
#4 {main}
2010-10-10T21:50:48+02:00 ERR (3): exception 'Zend_Controller_Dispatcher_Exception' with message 'Invalid controller specified (css)' in /Users/stefanooldeman/Sites/ketchup/lib/Zend/Controller/Dispatcher/Standard.php:248
Stack trace:
#0 /Users/stefanooldeman/Sites/ketchup/lib/Zend/Controller/Front.php(954): Zend_Controller_Dispatcher_Standard->dispatch(Object(Zend_Controller_Request_Http), Object(Zend_Controller_Response_Http))
#1 /Users/stefanooldeman/Sites/ketchup/lib/Zend/Application/Bootstrap/Bootstrap.php(97): Zend_Controller_Front->dispatch()
#2 /Users/stefanooldeman/Sites/ketchup/lib/Zend/Application.php(366): Zend_Application_Bootstrap_Bootstrap->run()
#3 /Users/stefanooldeman/Sites/ketchup/public/index.php(26): Zend_Application->run()
#4 {main}
2010-10-10T22:06:23+02:00 ERR (3): exception 'Zend_Controller_Dispatcher_Exception' with message 'Invalid controller specified (favicon.ico)' in /Users/stefanooldeman/Sites/ketchup/lib/Zend/Controller/Dispatcher/Standard.php:248
Stack trace:
#0 /Users/stefanooldeman/Sites/ketchup/lib/Zend/Controller/Front.php(954): Zend_Controller_Dispatcher_Standard->dispatch(Object(Zend_Controller_Request_Http), Object(Zend_Controller_Response_Http))
#1 /Users/stefanooldeman/Sites/ketchup/lib/Zend/Application/Bootstrap/Bootstrap.php(97): Zend_Controller_Front->dispatch()
#2 /Users/stefanooldeman/Sites/ketchup/lib/Zend/Application.php(366): Zend_Application_Bootstrap_Bootstrap->run()
#3 /Users/stefanooldeman/Sites/ketchup/public/index.php(26): Zend_Application->run()
#4 {main}
2010-10-10T22:07:02+02:00 ERR (3): exception 'Zend_Controller_Dispatcher_Exception' with message 'Invalid controller specified (css)' in /Users/stefanooldeman/Sites/ketchup/lib/Zend/Controller/Dispatcher/Standard.php:248
Stack trace:
#0 /Users/stefanooldeman/Sites/ketchup/lib/Zend/Controller/Front.php(954): Zend_Controller_Dispatcher_Standard->dispatch(Object(Zend_Controller_Request_Http), Object(Zend_Controller_Response_Http))
#1 /Users/stefanooldeman/Sites/ketchup/lib/Zend/Application/Bootstrap/Bootstrap.php(97): Zend_Controller_Front->dispatch()
#2 /Users/stefanooldeman/Sites/ketchup/lib/Zend/Application.php(366): Zend_Application_Bootstrap_Bootstrap->run()
#3 /Users/stefanooldeman/Sites/ketchup/public/index.php(26): Zend_Application->run()
#4 {main}
2010-10-10T22:07:06+02:00 ERR (3): exception 'Zend_Controller_Dispatcher_Exception' with message 'Invalid controller specified (css)' in /Users/stefanooldeman/Sites/ketchup/lib/Zend/Controller/Dispatcher/Standard.php:248
Stack trace:
#0 /Users/stefanooldeman/Sites/ketchup/lib/Zend/Controller/Front.php(954): Zend_Controller_Dispatcher_Standard->dispatch(Object(Zend_Controller_Request_Http), Object(Zend_Controller_Response_Http))
#1 /Users/stefanooldeman/Sites/ketchup/lib/Zend/Application/Bootstrap/Bootstrap.php(97): Zend_Controller_Front->dispatch()
#2 /Users/stefanooldeman/Sites/ketchup/lib/Zend/Application.php(366): Zend_Application_Bootstrap_Bootstrap->run()
#3 /Users/stefanooldeman/Sites/ketchup/public/index.php(26): Zend_Application->run()
#4 {main}
2010-10-10T22:15:57+02:00 ERR (3): exception 'Zend_Controller_Dispatcher_Exception' with message 'Invalid controller specified (css)' in /Users/stefanooldeman/Sites/ketchup/lib/Zend/Controller/Dispatcher/Standard.php:248
Stack trace:
#0 /Users/stefanooldeman/Sites/ketchup/lib/Zend/Controller/Front.php(954): Zend_Controller_Dispatcher_Standard->dispatch(Object(Zend_Controller_Request_Http), Object(Zend_Controller_Response_Http))
#1 /Users/stefanooldeman/Sites/ketchup/lib/Zend/Application/Bootstrap/Bootstrap.php(97): Zend_Controller_Front->dispatch()
#2 /Users/stefanooldeman/Sites/ketchup/lib/Zend/Application.php(366): Zend_Application_Bootstrap_Bootstrap->run()
#3 /Users/stefanooldeman/Sites/ketchup/public/index.php(26): Zend_Application->run()
#4 {main}
2010-10-10T22:22:56+02:00 ERR (3): exception 'Zend_Controller_Dispatcher_Exception' with message 'Invalid controller specified (css)' in /Users/stefanooldeman/Sites/ketchup/lib/Zend/Controller/Dispatcher/Standard.php:248
Stack trace:
#0 /Users/stefanooldeman/Sites/ketchup/lib/Zend/Controller/Front.php(954): Zend_Controller_Dispatcher_Standard->dispatch(Object(Zend_Controller_Request_Http), Object(Zend_Controller_Response_Http))
#1 /Users/stefanooldeman/Sites/ketchup/lib/Zend/Application/Bootstrap/Bootstrap.php(97): Zend_Controller_Front->dispatch()
#2 /Users/stefanooldeman/Sites/ketchup/lib/Zend/Application.php(366): Zend_Application_Bootstrap_Bootstrap->run()
#3 /Users/stefanooldeman/Sites/ketchup/public/index.php(26): Zend_Application->run()
#4 {main}
2010-10-10T22:22:57+02:00 ERR (3): exception 'Zend_Controller_Dispatcher_Exception' with message 'Invalid controller specified (favicon.ico)' in /Users/stefanooldeman/Sites/ketchup/lib/Zend/Controller/Dispatcher/Standard.php:248
Stack trace:
#0 /Users/stefanooldeman/Sites/ketchup/lib/Zend/Controller/Front.php(954): Zend_Controller_Dispatcher_Standard->dispatch(Object(Zend_Controller_Request_Http), Object(Zend_Controller_Response_Http))
#1 /Users/stefanooldeman/Sites/ketchup/lib/Zend/Application/Bootstrap/Bootstrap.php(97): Zend_Controller_Front->dispatch()
#2 /Users/stefanooldeman/Sites/ketchup/lib/Zend/Application.php(366): Zend_Application_Bootstrap_Bootstrap->run()
#3 /Users/stefanooldeman/Sites/ketchup/public/index.php(26): Zend_Application->run()
#4 {main}
2010-10-10T22:23:39+02:00 ERR (3): exception 'Zend_Controller_Dispatcher_Exception' with message 'Invalid controller specified (css)' in /Users/stefanooldeman/Sites/ketchup/lib/Zend/Controller/Dispatcher/Standard.php:248
Stack trace:
#0 /Users/stefanooldeman/Sites/ketchup/lib/Zend/Controller/Front.php(954): Zend_Controller_Dispatcher_Standard->dispatch(Object(Zend_Controller_Request_Http), Object(Zend_Controller_Response_Http))
#1 /Users/stefanooldeman/Sites/ketchup/lib/Zend/Application/Bootstrap/Bootstrap.php(97): Zend_Controller_Front->dispatch()
#2 /Users/stefanooldeman/Sites/ketchup/lib/Zend/Application.php(366): Zend_Application_Bootstrap_Bootstrap->run()
#3 /Users/stefanooldeman/Sites/ketchup/public/index.php(26): Zend_Application->run()
#4 {main}
2010-10-10T22:23:40+02:00 ERR (3): exception 'Zend_Controller_Dispatcher_Exception' with message 'Invalid controller specified (favicon.ico)' in /Users/stefanooldeman/Sites/ketchup/lib/Zend/Controller/Dispatcher/Standard.php:248
Stack trace:
#0 /Users/stefanooldeman/Sites/ketchup/lib/Zend/Controller/Front.php(954): Zend_Controller_Dispatcher_Standard->dispatch(Object(Zend_Controller_Request_Http), Object(Zend_Controller_Response_Http))
#1 /Users/stefanooldeman/Sites/ketchup/lib/Zend/Application/Bootstrap/Bootstrap.php(97): Zend_Controller_Front->dispatch()
#2 /Users/stefanooldeman/Sites/ketchup/lib/Zend/Application.php(366): Zend_Application_Bootstrap_Bootstrap->run()
#3 /Users/stefanooldeman/Sites/ketchup/public/index.php(26): Zend_Application->run()
#4 {main}
2010-10-10T22:24:02+02:00 ERR (3): exception 'Zend_Controller_Dispatcher_Exception' with message 'Invalid controller specified (css)' in /Users/stefanooldeman/Sites/ketchup/lib/Zend/Controller/Dispatcher/Standard.php:248
Stack trace:
#0 /Users/stefanooldeman/Sites/ketchup/lib/Zend/Controller/Front.php(954): Zend_Controller_Dispatcher_Standard->dispatch(Object(Zend_Controller_Request_Http), Object(Zend_Controller_Response_Http))
#1 /Users/stefanooldeman/Sites/ketchup/lib/Zend/Application/Bootstrap/Bootstrap.php(97): Zend_Controller_Front->dispatch()
#2 /Users/stefanooldeman/Sites/ketchup/lib/Zend/Application.php(366): Zend_Application_Bootstrap_Bootstrap->run()
#3 /Users/stefanooldeman/Sites/ketchup/public/index.php(26): Zend_Application->run()
#4 {main}
2010-10-10T22:24:52+02:00 ERR (3): exception 'Zend_Controller_Dispatcher_Exception' with message 'Invalid controller specified (css)' in /Users/stefanooldeman/Sites/ketchup/lib/Zend/Controller/Dispatcher/Standard.php:248
Stack trace:
#0 /Users/stefanooldeman/Sites/ketchup/lib/Zend/Controller/Front.php(954): Zend_Controller_Dispatcher_Standard->dispatch(Object(Zend_Controller_Request_Http), Object(Zend_Controller_Response_Http))
#1 /Users/stefanooldeman/Sites/ketchup/lib/Zend/Application/Bootstrap/Bootstrap.php(97): Zend_Controller_Front->dispatch()
#2 /Users/stefanooldeman/Sites/ketchup/lib/Zend/Application.php(366): Zend_Application_Bootstrap_Bootstrap->run()
#3 /Users/stefanooldeman/Sites/ketchup/public/index.php(26): Zend_Application->run()
#4 {main}
2010-10-10T22:24:53+02:00 ERR (3): exception 'Zend_Controller_Dispatcher_Exception' with message 'Invalid controller specified (favicon.ico)' in /Users/stefanooldeman/Sites/ketchup/lib/Zend/Controller/Dispatcher/Standard.php:248
Stack trace:
#0 /Users/stefanooldeman/Sites/ketchup/lib/Zend/Controller/Front.php(954): Zend_Controller_Dispatcher_Standard->dispatch(Object(Zend_Controller_Request_Http), Object(Zend_Controller_Response_Http))
#1 /Users/stefanooldeman/Sites/ketchup/lib/Zend/Application/Bootstrap/Bootstrap.php(97): Zend_Controller_Front->dispatch()
#2 /Users/stefanooldeman/Sites/ketchup/lib/Zend/Application.php(366): Zend_Application_Bootstrap_Bootstrap->run()
#3 /Users/stefanooldeman/Sites/ketchup/public/index.php(26): Zend_Application->run()
#4 {main}
2010-10-10T22:29:17+02:00 ERR (3): exception 'Zend_Controller_Dispatcher_Exception' with message 'Invalid controller specified (css)' in /Users/stefanooldeman/Sites/ketchup/lib/Zend/Controller/Dispatcher/Standard.php:248
Stack trace:
#0 /Users/stefanooldeman/Sites/ketchup/lib/Zend/Controller/Front.php(954): Zend_Controller_Dispatcher_Standard->dispatch(Object(Zend_Controller_Request_Http), Object(Zend_Controller_Response_Http))
#1 /Users/stefanooldeman/Sites/ketchup/lib/Zend/Application/Bootstrap/Bootstrap.php(97): Zend_Controller_Front->dispatch()
#2 /Users/stefanooldeman/Sites/ketchup/lib/Zend/Application.php(366): Zend_Application_Bootstrap_Bootstrap->run()
#3 /Users/stefanooldeman/Sites/ketchup/public/index.php(26): Zend_Application->run()
#4 {main}
2010-10-10T22:33:02+02:00 ERR (3): exception 'Zend_Controller_Dispatcher_Exception' with message 'Invalid controller specified (css)' in /Users/stefanooldeman/Sites/ketchup/lib/Zend/Controller/Dispatcher/Standard.php:248
Stack trace:
#0 /Users/stefanooldeman/Sites/ketchup/lib/Zend/Controller/Front.php(954): Zend_Controller_Dispatcher_Standard->dispatch(Object(Zend_Controller_Request_Http), Object(Zend_Controller_Response_Http))
#1 /Users/stefanooldeman/Sites/ketchup/lib/Zend/Application/Bootstrap/Bootstrap.php(97): Zend_Controller_Front->dispatch()
#2 /Users/stefanooldeman/Sites/ketchup/lib/Zend/Application.php(366): Zend_Application_Bootstrap_Bootstrap->run()
#3 /Users/stefanooldeman/Sites/ketchup/public/index.php(26): Zend_Application->run()
#4 {main}
2010-10-10T22:33:02+02:00 ERR (3): exception 'Zend_Controller_Dispatcher_Exception' with message 'Invalid controller specified (favicon.ico)' in /Users/stefanooldeman/Sites/ketchup/lib/Zend/Controller/Dispatcher/Standard.php:248
Stack trace:
#0 /Users/stefanooldeman/Sites/ketchup/lib/Zend/Controller/Front.php(954): Zend_Controller_Dispatcher_Standard->dispatch(Object(Zend_Controller_Request_Http), Object(Zend_Controller_Response_Http))
#1 /Users/stefanooldeman/Sites/ketchup/lib/Zend/Application/Bootstrap/Bootstrap.php(97): Zend_Controller_Front->dispatch()
#2 /Users/stefanooldeman/Sites/ketchup/lib/Zend/Application.php(366): Zend_Application_Bootstrap_Bootstrap->run()
#3 /Users/stefanooldeman/Sites/ketchup/public/index.php(26): Zend_Application->run()
#4 {main}
2010-10-10T22:33:26+02:00 ERR (3): exception 'Zend_Controller_Dispatcher_Exception' with message 'Invalid controller specified (css)' in /Users/stefanooldeman/Sites/ketchup/lib/Zend/Controller/Dispatcher/Standard.php:248
Stack trace:
#0 /Users/stefanooldeman/Sites/ketchup/lib/Zend/Controller/Front.php(954): Zend_Controller_Dispatcher_Standard->dispatch(Object(Zend_Controller_Request_Http), Object(Zend_Controller_Response_Http))
#1 /Users/stefanooldeman/Sites/ketchup/lib/Zend/Application/Bootstrap/Bootstrap.php(97): Zend_Controller_Front->dispatch()
#2 /Users/stefanooldeman/Sites/ketchup/lib/Zend/Application.php(366): Zend_Application_Bootstrap_Bootstrap->run()
#3 /Users/stefanooldeman/Sites/ketchup/public/index.php(26): Zend_Application->run()
#4 {main}
2010-10-10T22:33:33+02:00 ERR (3): exception 'Zend_Controller_Dispatcher_Exception' with message 'Invalid controller specified (css)' in /Users/stefanooldeman/Sites/ketchup/lib/Zend/Controller/Dispatcher/Standard.php:248
Stack trace:
#0 /Users/stefanooldeman/Sites/ketchup/lib/Zend/Controller/Front.php(954): Zend_Controller_Dispatcher_Standard->dispatch(Object(Zend_Controller_Request_Http), Object(Zend_Controller_Response_Http))
#1 /Users/stefanooldeman/Sites/ketchup/lib/Zend/Application/Bootstrap/Bootstrap.php(97): Zend_Controller_Front->dispatch()
#2 /Users/stefanooldeman/Sites/ketchup/lib/Zend/Application.php(366): Zend_Application_Bootstrap_Bootstrap->run()
#3 /Users/stefanooldeman/Sites/ketchup/public/index.php(26): Zend_Application->run()
#4 {main}
2010-10-10T22:33:49+02:00 ERR (3): exception 'Zend_Controller_Dispatcher_Exception' with message 'Invalid controller specified (css)' in /Users/stefanooldeman/Sites/ketchup/lib/Zend/Controller/Dispatcher/Standard.php:248
Stack trace:
#0 /Users/stefanooldeman/Sites/ketchup/lib/Zend/Controller/Front.php(954): Zend_Controller_Dispatcher_Standard->dispatch(Object(Zend_Controller_Request_Http), Object(Zend_Controller_Response_Http))
#1 /Users/stefanooldeman/Sites/ketchup/lib/Zend/Application/Bootstrap/Bootstrap.php(97): Zend_Controller_Front->dispatch()
#2 /Users/stefanooldeman/Sites/ketchup/lib/Zend/Application.php(366): Zend_Application_Bootstrap_Bootstrap->run()
#3 /Users/stefanooldeman/Sites/ketchup/public/index.php(26): Zend_Application->run()
#4 {main}
2010-10-10T22:33:49+02:00 ERR (3): exception 'Zend_Controller_Dispatcher_Exception' with message 'Invalid controller specified (favicon.ico)' in /Users/stefanooldeman/Sites/ketchup/lib/Zend/Controller/Dispatcher/Standard.php:248
Stack trace:
#0 /Users/stefanooldeman/Sites/ketchup/lib/Zend/Controller/Front.php(954): Zend_Controller_Dispatcher_Standard->dispatch(Object(Zend_Controller_Request_Http), Object(Zend_Controller_Response_Http))
#1 /Users/stefanooldeman/Sites/ketchup/lib/Zend/Application/Bootstrap/Bootstrap.php(97): Zend_Controller_Front->dispatch()
#2 /Users/stefanooldeman/Sites/ketchup/lib/Zend/Application.php(366): Zend_Application_Bootstrap_Bootstrap->run()
#3 /Users/stefanooldeman/Sites/ketchup/public/index.php(26): Zend_Application->run()
#4 {main}
2010-10-10T22:37:08+02:00 ERR (3): exception 'Zend_Controller_Dispatcher_Exception' with message 'Invalid controller specified (css)' in /Users/stefanooldeman/Sites/ketchup/lib/Zend/Controller/Dispatcher/Standard.php:248
Stack trace:
#0 /Users/stefanooldeman/Sites/ketchup/lib/Zend/Controller/Front.php(954): Zend_Controller_Dispatcher_Standard->dispatch(Object(Zend_Controller_Request_Http), Object(Zend_Controller_Response_Http))
#1 /Users/stefanooldeman/Sites/ketchup/lib/Zend/Application/Bootstrap/Bootstrap.php(97): Zend_Controller_Front->dispatch()
#2 /Users/stefanooldeman/Sites/ketchup/lib/Zend/Application.php(366): Zend_Application_Bootstrap_Bootstrap->run()
#3 /Users/stefanooldeman/Sites/ketchup/public/index.php(26): Zend_Application->run()
#4 {main}
2010-10-10T22:37:08+02:00 ERR (3): exception 'Zend_Controller_Dispatcher_Exception' with message 'Invalid controller specified (favicon.ico)' in /Users/stefanooldeman/Sites/ketchup/lib/Zend/Controller/Dispatcher/Standard.php:248
Stack trace:
#0 /Users/stefanooldeman/Sites/ketchup/lib/Zend/Controller/Front.php(954): Zend_Controller_Dispatcher_Standard->dispatch(Object(Zend_Controller_Request_Http), Object(Zend_Controller_Response_Http))
#1 /Users/stefanooldeman/Sites/ketchup/lib/Zend/Application/Bootstrap/Bootstrap.php(97): Zend_Controller_Front->dispatch()
#2 /Users/stefanooldeman/Sites/ketchup/lib/Zend/Application.php(366): Zend_Application_Bootstrap_Bootstrap->run()
#3 /Users/stefanooldeman/Sites/ketchup/public/index.php(26): Zend_Application->run()
#4 {main}
2010-10-10T22:43:22+02:00 ERR (3): exception 'Zend_Controller_Dispatcher_Exception' with message 'Invalid controller specified (css)' in /Users/stefanooldeman/Sites/ketchup/lib/Zend/Controller/Dispatcher/Standard.php:248
Stack trace:
#0 /Users/stefanooldeman/Sites/ketchup/lib/Zend/Controller/Front.php(954): Zend_Controller_Dispatcher_Standard->dispatch(Object(Zend_Controller_Request_Http), Object(Zend_Controller_Response_Http))
#1 /Users/stefanooldeman/Sites/ketchup/lib/Zend/Application/Bootstrap/Bootstrap.php(97): Zend_Controller_Front->dispatch()
#2 /Users/stefanooldeman/Sites/ketchup/lib/Zend/Application.php(366): Zend_Application_Bootstrap_Bootstrap->run()
#3 /Users/stefanooldeman/Sites/ketchup/public/index.php(26): Zend_Application->run()
#4 {main}
2010-10-10T22:43:22+02:00 ERR (3): exception 'Zend_Controller_Dispatcher_Exception' with message 'Invalid controller specified (favicon.ico)' in /Users/stefanooldeman/Sites/ketchup/lib/Zend/Controller/Dispatcher/Standard.php:248
Stack trace:
#0 /Users/stefanooldeman/Sites/ketchup/lib/Zend/Controller/Front.php(954): Zend_Controller_Dispatcher_Standard->dispatch(Object(Zend_Controller_Request_Http), Object(Zend_Controller_Response_Http))
#1 /Users/stefanooldeman/Sites/ketchup/lib/Zend/Application/Bootstrap/Bootstrap.php(97): Zend_Controller_Front->dispatch()
#2 /Users/stefanooldeman/Sites/ketchup/lib/Zend/Application.php(366): Zend_Application_Bootstrap_Bootstrap->run()
#3 /Users/stefanooldeman/Sites/ketchup/public/index.php(26): Zend_Application->run()
#4 {main}
2010-10-10T22:47:16+02:00 ERR (3): exception 'Zend_Controller_Dispatcher_Exception' with message 'Invalid controller specified (css)' in /Users/stefanooldeman/Sites/ketchup/lib/Zend/Controller/Dispatcher/Standard.php:248
Stack trace:
#0 /Users/stefanooldeman/Sites/ketchup/lib/Zend/Controller/Front.php(954): Zend_Controller_Dispatcher_Standard->dispatch(Object(Zend_Controller_Request_Http), Object(Zend_Controller_Response_Http))
#1 /Users/stefanooldeman/Sites/ketchup/lib/Zend/Application/Bootstrap/Bootstrap.php(97): Zend_Controller_Front->dispatch()
#2 /Users/stefanooldeman/Sites/ketchup/lib/Zend/Application.php(366): Zend_Application_Bootstrap_Bootstrap->run()
#3 /Users/stefanooldeman/Sites/ketchup/public/index.php(26): Zend_Application->run()
#4 {main}
2010-10-10T23:18:43+02:00 ERR (3): exception 'Zend_Controller_Dispatcher_Exception' with message 'Invalid controller specified (css)' in /Users/stefanooldeman/Sites/ketchup/lib/Zend/Controller/Dispatcher/Standard.php:248
Stack trace:
#0 /Users/stefanooldeman/Sites/ketchup/lib/Zend/Controller/Front.php(954): Zend_Controller_Dispatcher_Standard->dispatch(Object(Zend_Controller_Request_Http), Object(Zend_Controller_Response_Http))
#1 /Users/stefanooldeman/Sites/ketchup/lib/Zend/Application/Bootstrap/Bootstrap.php(97): Zend_Controller_Front->dispatch()
#2 /Users/stefanooldeman/Sites/ketchup/lib/Zend/Application.php(366): Zend_Application_Bootstrap_Bootstrap->run()
#3 /Users/stefanooldeman/Sites/ketchup/public/index.php(26): Zend_Application->run()
#4 {main}
2010-10-10T23:22:35+02:00 ERR (3): exception 'Zend_Controller_Dispatcher_Exception' with message 'Invalid controller specified (css)' in /Users/stefanooldeman/Sites/ketchup/lib/Zend/Controller/Dispatcher/Standard.php:248
Stack trace:
#0 /Users/stefanooldeman/Sites/ketchup/lib/Zend/Controller/Front.php(954): Zend_Controller_Dispatcher_Standard->dispatch(Object(Zend_Controller_Request_Http), Object(Zend_Controller_Response_Http))
#1 /Users/stefanooldeman/Sites/ketchup/lib/Zend/Application/Bootstrap/Bootstrap.php(97): Zend_Controller_Front->dispatch()
#2 /Users/stefanooldeman/Sites/ketchup/lib/Zend/Application.php(366): Zend_Application_Bootstrap_Bootstrap->run()
#3 /Users/stefanooldeman/Sites/ketchup/public/index.php(26): Zend_Application->run()
#4 {main}
2010-10-11T10:35:36+02:00 ERR (3): exception 'Zend_Controller_Dispatcher_Exception' with message 'Invalid controller specified (css)' in /Users/stefanooldeman/Sites/ketchup/lib/Zend/Controller/Dispatcher/Standard.php:248
Stack trace:
#0 /Users/stefanooldeman/Sites/ketchup/lib/Zend/Controller/Front.php(954): Zend_Controller_Dispatcher_Standard->dispatch(Object(Zend_Controller_Request_Http), Object(Zend_Controller_Response_Http))
#1 /Users/stefanooldeman/Sites/ketchup/lib/Zend/Application/Bootstrap/Bootstrap.php(97): Zend_Controller_Front->dispatch()
#2 /Users/stefanooldeman/Sites/ketchup/lib/Zend/Application.php(366): Zend_Application_Bootstrap_Bootstrap->run()
#3 /Users/stefanooldeman/Sites/ketchup/public/index.php(26): Zend_Application->run()
#4 {main}
2010-10-11T10:35:38+02:00 ERR (3): exception 'Zend_Controller_Dispatcher_Exception' with message 'Invalid controller specified (favicon.ico)' in /Users/stefanooldeman/Sites/ketchup/lib/Zend/Controller/Dispatcher/Standard.php:248
Stack trace:
#0 /Users/stefanooldeman/Sites/ketchup/lib/Zend/Controller/Front.php(954): Zend_Controller_Dispatcher_Standard->dispatch(Object(Zend_Controller_Request_Http), Object(Zend_Controller_Response_Http))
#1 /Users/stefanooldeman/Sites/ketchup/lib/Zend/Application/Bootstrap/Bootstrap.php(97): Zend_Controller_Front->dispatch()
#2 /Users/stefanooldeman/Sites/ketchup/lib/Zend/Application.php(366): Zend_Application_Bootstrap_Bootstrap->run()
#3 /Users/stefanooldeman/Sites/ketchup/public/index.php(26): Zend_Application->run()
#4 {main}
2010-10-11T10:35:44+02:00 ERR (3): exception 'Zend_Controller_Dispatcher_Exception' with message 'Invalid controller specified (favicon.ico)' in /Users/stefanooldeman/Sites/ketchup/lib/Zend/Controller/Dispatcher/Standard.php:248
Stack trace:
#0 /Users/stefanooldeman/Sites/ketchup/lib/Zend/Controller/Front.php(954): Zend_Controller_Dispatcher_Standard->dispatch(Object(Zend_Controller_Request_Http), Object(Zend_Controller_Response_Http))
#1 /Users/stefanooldeman/Sites/ketchup/lib/Zend/Application/Bootstrap/Bootstrap.php(97): Zend_Controller_Front->dispatch()
#2 /Users/stefanooldeman/Sites/ketchup/lib/Zend/Application.php(366): Zend_Application_Bootstrap_Bootstrap->run()
#3 /Users/stefanooldeman/Sites/ketchup/public/index.php(26): Zend_Application->run()
#4 {main}
2010-10-11T10:37:52+02:00 ERR (3): exception 'Zend_Controller_Dispatcher_Exception' with message 'Invalid controller specified (favicon.ico)' in /Users/stefanooldeman/Sites/ketchup/lib/Zend/Controller/Dispatcher/Standard.php:248
Stack trace:
#0 /Users/stefanooldeman/Sites/ketchup/lib/Zend/Controller/Front.php(954): Zend_Controller_Dispatcher_Standard->dispatch(Object(Zend_Controller_Request_Http), Object(Zend_Controller_Response_Http))
#1 /Users/stefanooldeman/Sites/ketchup/lib/Zend/Application/Bootstrap/Bootstrap.php(97): Zend_Controller_Front->dispatch()
#2 /Users/stefanooldeman/Sites/ketchup/lib/Zend/Application.php(366): Zend_Application_Bootstrap_Bootstrap->run()
#3 /Users/stefanooldeman/Sites/ketchup/public/index.php(26): Zend_Application->run()
#4 {main}
2010-10-11T23:33:46+02:00 ERR (3): exception 'Zend_Controller_Dispatcher_Exception' with message 'Invalid controller specified (favicon.ico)' in /Users/stefanooldeman/Sites/ketchup/lib/Zend/Controller/Dispatcher/Standard.php:248
Stack trace:
#0 /Users/stefanooldeman/Sites/ketchup/lib/Zend/Controller/Front.php(954): Zend_Controller_Dispatcher_Standard->dispatch(Object(Zend_Controller_Request_Http), Object(Zend_Controller_Response_Http))
#1 /Users/stefanooldeman/Sites/ketchup/lib/Zend/Application/Bootstrap/Bootstrap.php(97): Zend_Controller_Front->dispatch()
#2 /Users/stefanooldeman/Sites/ketchup/lib/Zend/Application.php(366): Zend_Application_Bootstrap_Bootstrap->run()
#3 /Users/stefanooldeman/Sites/ketchup/public/index.php(26): Zend_Application->run()
#4 {main}
2010-10-11T23:33:56+02:00 ERR (3): exception 'Zend_Controller_Dispatcher_Exception' with message 'Invalid controller specified (favicon.ico)' in /Users/stefanooldeman/Sites/ketchup/lib/Zend/Controller/Dispatcher/Standard.php:248
Stack trace:
#0 /Users/stefanooldeman/Sites/ketchup/lib/Zend/Controller/Front.php(954): Zend_Controller_Dispatcher_Standard->dispatch(Object(Zend_Controller_Request_Http), Object(Zend_Controller_Response_Http))
#1 /Users/stefanooldeman/Sites/ketchup/lib/Zend/Application/Bootstrap/Bootstrap.php(97): Zend_Controller_Front->dispatch()
#2 /Users/stefanooldeman/Sites/ketchup/lib/Zend/Application.php(366): Zend_Application_Bootstrap_Bootstrap->run()
#3 /Users/stefanooldeman/Sites/ketchup/public/index.php(26): Zend_Application->run()
#4 {main}
2010-10-11T23:34:13+02:00 ERR (3): exception 'Zend_Controller_Dispatcher_Exception' with message 'Invalid controller specified (favicon.ico)' in /Users/stefanooldeman/Sites/ketchup/lib/Zend/Controller/Dispatcher/Standard.php:248
Stack trace:
#0 /Users/stefanooldeman/Sites/ketchup/lib/Zend/Controller/Front.php(954): Zend_Controller_Dispatcher_Standard->dispatch(Object(Zend_Controller_Request_Http), Object(Zend_Controller_Response_Http))
#1 /Users/stefanooldeman/Sites/ketchup/lib/Zend/Application/Bootstrap/Bootstrap.php(97): Zend_Controller_Front->dispatch()
#2 /Users/stefanooldeman/Sites/ketchup/lib/Zend/Application.php(366): Zend_Application_Bootstrap_Bootstrap->run()
#3 /Users/stefanooldeman/Sites/ketchup/public/index.php(26): Zend_Application->run()
#4 {main}
2010-10-11T23:35:48+02:00 ERR (3): exception 'Zend_Http_Client_Exception' with message 'Passed adapter is not a HTTP connection adapter' in /Users/stefanooldeman/Sites/ketchup/lib/Zend/Http/Client.php:852
Stack trace:
#0 /Users/stefanooldeman/Sites/ketchup/lib/App/Service/PosterousClient.php(41): Zend_Http_Client->setAdapter(NULL)
#1 /Users/stefanooldeman/Sites/ketchup/lib/App/Post/Reader.php(48): App_Service_PosterousClient->__construct()
#2 /Users/stefanooldeman/Sites/ketchup/lib/App/Post/Reader.php(13): App_Post_Reader->setAdapter()
#3 /Users/stefanooldeman/Sites/ketchup/app/controllers/IndexController.php(5): App_Post_Reader->__construct()
#4 /Users/stefanooldeman/Sites/ketchup/lib/Zend/Controller/Action.php(513): IndexController->indexAction()
#5 /Users/stefanooldeman/Sites/ketchup/lib/Zend/Controller/Dispatcher/Standard.php(295): Zend_Controller_Action->dispatch('indexAction')
#6 /Users/stefanooldeman/Sites/ketchup/lib/Zend/Controller/Front.php(954): Zend_Controller_Dispatcher_Standard->dispatch(Object(Zend_Controller_Request_Http), Object(Zend_Controller_Response_Http))
#7 /Users/stefanooldeman/Sites/ketchup/lib/Zend/Application/Bootstrap/Bootstrap.php(97): Zend_Controller_Front->dispatch()
#8 /Users/stefanooldeman/Sites/ketchup/lib/Zend/Application.php(366): Zend_Application_Bootstrap_Bootstrap->run()
#9 /Users/stefanooldeman/Sites/ketchup/public/index.php(26): Zend_Application->run()
#10 {main}
2010-10-11T23:35:48+02:00 ERR (3): exception 'Zend_Controller_Dispatcher_Exception' with message 'Invalid controller specified (css)' in /Users/stefanooldeman/Sites/ketchup/lib/Zend/Controller/Dispatcher/Standard.php:248
Stack trace:
#0 /Users/stefanooldeman/Sites/ketchup/lib/Zend/Controller/Front.php(954): Zend_Controller_Dispatcher_Standard->dispatch(Object(Zend_Controller_Request_Http), Object(Zend_Controller_Response_Http))
#1 /Users/stefanooldeman/Sites/ketchup/lib/Zend/Application/Bootstrap/Bootstrap.php(97): Zend_Controller_Front->dispatch()
#2 /Users/stefanooldeman/Sites/ketchup/lib/Zend/Application.php(366): Zend_Application_Bootstrap_Bootstrap->run()
#3 /Users/stefanooldeman/Sites/ketchup/public/index.php(26): Zend_Application->run()
#4 {main}
2010-10-11T23:35:48+02:00 ERR (3): exception 'Zend_Controller_Dispatcher_Exception' with message 'Invalid controller specified (favicon.ico)' in /Users/stefanooldeman/Sites/ketchup/lib/Zend/Controller/Dispatcher/Standard.php:248
Stack trace:
#0 /Users/stefanooldeman/Sites/ketchup/lib/Zend/Controller/Front.php(954): Zend_Controller_Dispatcher_Standard->dispatch(Object(Zend_Controller_Request_Http), Object(Zend_Controller_Response_Http))
#1 /Users/stefanooldeman/Sites/ketchup/lib/Zend/Application/Bootstrap/Bootstrap.php(97): Zend_Controller_Front->dispatch()
#2 /Users/stefanooldeman/Sites/ketchup/lib/Zend/Application.php(366): Zend_Application_Bootstrap_Bootstrap->run()
#3 /Users/stefanooldeman/Sites/ketchup/public/index.php(26): Zend_Application->run()
#4 {main}
2010-10-11T23:36:03+02:00 ERR (3): exception 'Zend_Http_Client_Exception' with message 'Passed adapter is not a HTTP connection adapter' in /Users/stefanooldeman/Sites/ketchup/lib/Zend/Http/Client.php:852
Stack trace:
#0 /Users/stefanooldeman/Sites/ketchup/lib/App/Service/PosterousClient.php(41): Zend_Http_Client->setAdapter(Object(Zend_Config))
#1 /Users/stefanooldeman/Sites/ketchup/lib/App/Post/Reader.php(48): App_Service_PosterousClient->__construct()
#2 /Users/stefanooldeman/Sites/ketchup/lib/App/Post/Reader.php(13): App_Post_Reader->setAdapter()
#3 /Users/stefanooldeman/Sites/ketchup/app/controllers/IndexController.php(5): App_Post_Reader->__construct()
#4 /Users/stefanooldeman/Sites/ketchup/lib/Zend/Controller/Action.php(513): IndexController->indexAction()
#5 /Users/stefanooldeman/Sites/ketchup/lib/Zend/Controller/Dispatcher/Standard.php(295): Zend_Controller_Action->dispatch('indexAction')
#6 /Users/stefanooldeman/Sites/ketchup/lib/Zend/Controller/Front.php(954): Zend_Controller_Dispatcher_Standard->dispatch(Object(Zend_Controller_Request_Http), Object(Zend_Controller_Response_Http))
#7 /Users/stefanooldeman/Sites/ketchup/lib/Zend/Application/Bootstrap/Bootstrap.php(97): Zend_Controller_Front->dispatch()
#8 /Users/stefanooldeman/Sites/ketchup/lib/Zend/Application.php(366): Zend_Application_Bootstrap_Bootstrap->run()
#9 /Users/stefanooldeman/Sites/ketchup/public/index.php(26): Zend_Application->run()
#10 {main}
2010-10-11T23:36:03+02:00 ERR (3): exception 'Zend_Controller_Dispatcher_Exception' with message 'Invalid controller specified (css)' in /Users/stefanooldeman/Sites/ketchup/lib/Zend/Controller/Dispatcher/Standard.php:248
Stack trace:
#0 /Users/stefanooldeman/Sites/ketchup/lib/Zend/Controller/Front.php(954): Zend_Controller_Dispatcher_Standard->dispatch(Object(Zend_Controller_Request_Http), Object(Zend_Controller_Response_Http))
#1 /Users/stefanooldeman/Sites/ketchup/lib/Zend/Application/Bootstrap/Bootstrap.php(97): Zend_Controller_Front->dispatch()
#2 /Users/stefanooldeman/Sites/ketchup/lib/Zend/Application.php(366): Zend_Application_Bootstrap_Bootstrap->run()
#3 /Users/stefanooldeman/Sites/ketchup/public/index.php(26): Zend_Application->run()
#4 {main}
2010-10-11T23:36:03+02:00 ERR (3): exception 'Zend_Controller_Dispatcher_Exception' with message 'Invalid controller specified (favicon.ico)' in /Users/stefanooldeman/Sites/ketchup/lib/Zend/Controller/Dispatcher/Standard.php:248
Stack trace:
#0 /Users/stefanooldeman/Sites/ketchup/lib/Zend/Controller/Front.php(954): Zend_Controller_Dispatcher_Standard->dispatch(Object(Zend_Controller_Request_Http), Object(Zend_Controller_Response_Http))
#1 /Users/stefanooldeman/Sites/ketchup/lib/Zend/Application/Bootstrap/Bootstrap.php(97): Zend_Controller_Front->dispatch()
#2 /Users/stefanooldeman/Sites/ketchup/lib/Zend/Application.php(366): Zend_Application_Bootstrap_Bootstrap->run()
#3 /Users/stefanooldeman/Sites/ketchup/public/index.php(26): Zend_Application->run()
#4 {main}
2010-10-11T23:36:24+02:00 ERR (3): exception 'Zend_Controller_Dispatcher_Exception' with message 'Invalid controller specified (favicon.ico)' in /Users/stefanooldeman/Sites/ketchup/lib/Zend/Controller/Dispatcher/Standard.php:248
Stack trace:
#0 /Users/stefanooldeman/Sites/ketchup/lib/Zend/Controller/Front.php(954): Zend_Controller_Dispatcher_Standard->dispatch(Object(Zend_Controller_Request_Http), Object(Zend_Controller_Response_Http))
#1 /Users/stefanooldeman/Sites/ketchup/lib/Zend/Application/Bootstrap/Bootstrap.php(97): Zend_Controller_Front->dispatch()
#2 /Users/stefanooldeman/Sites/ketchup/lib/Zend/Application.php(366): Zend_Application_Bootstrap_Bootstrap->run()
#3 /Users/stefanooldeman/Sites/ketchup/public/index.php(26): Zend_Application->run()
#4 {main}
2010-10-11T23:37:36+02:00 ERR (3): exception 'Zend_Controller_Dispatcher_Exception' with message 'Invalid controller specified (favicon.ico)' in /Users/stefanooldeman/Sites/ketchup/lib/Zend/Controller/Dispatcher/Standard.php:248
Stack trace:
#0 /Users/stefanooldeman/Sites/ketchup/lib/Zend/Controller/Front.php(954): Zend_Controller_Dispatcher_Standard->dispatch(Object(Zend_Controller_Request_Http), Object(Zend_Controller_Response_Http))
#1 /Users/stefanooldeman/Sites/ketchup/lib/Zend/Application/Bootstrap/Bootstrap.php(97): Zend_Controller_Front->dispatch()
#2 /Users/stefanooldeman/Sites/ketchup/lib/Zend/Application.php(366): Zend_Application_Bootstrap_Bootstrap->run()
#3 /Users/stefanooldeman/Sites/ketchup/public/index.php(26): Zend_Application->run()
#4 {main}
2010-10-11T23:37:42+02:00 ERR (3): exception 'Zend_Controller_Dispatcher_Exception' with message 'Invalid controller specified (favicon.ico)' in /Users/stefanooldeman/Sites/ketchup/lib/Zend/Controller/Dispatcher/Standard.php:248
Stack trace:
#0 /Users/stefanooldeman/Sites/ketchup/lib/Zend/Controller/Front.php(954): Zend_Controller_Dispatcher_Standard->dispatch(Object(Zend_Controller_Request_Http), Object(Zend_Controller_Response_Http))
#1 /Users/stefanooldeman/Sites/ketchup/lib/Zend/Application/Bootstrap/Bootstrap.php(97): Zend_Controller_Front->dispatch()
#2 /Users/stefanooldeman/Sites/ketchup/lib/Zend/Application.php(366): Zend_Application_Bootstrap_Bootstrap->run()
#3 /Users/stefanooldeman/Sites/ketchup/public/index.php(26): Zend_Application->run()
#4 {main}
2010-10-11T23:38:42+02:00 ERR (3): exception 'Zend_Controller_Dispatcher_Exception' with message 'Invalid controller specified (favicon.ico)' in /Users/stefanooldeman/Sites/ketchup/lib/Zend/Controller/Dispatcher/Standard.php:248
Stack trace:
#0 /Users/stefanooldeman/Sites/ketchup/lib/Zend/Controller/Front.php(954): Zend_Controller_Dispatcher_Standard->dispatch(Object(Zend_Controller_Request_Http), Object(Zend_Controller_Response_Http))
#1 /Users/stefanooldeman/Sites/ketchup/lib/Zend/Application/Bootstrap/Bootstrap.php(97): Zend_Controller_Front->dispatch()
#2 /Users/stefanooldeman/Sites/ketchup/lib/Zend/Application.php(366): Zend_Application_Bootstrap_Bootstrap->run()
#3 /Users/stefanooldeman/Sites/ketchup/public/index.php(26): Zend_Application->run()
#4 {main}
2010-10-11T23:39:01+02:00 ERR (3): exception 'Zend_Controller_Dispatcher_Exception' with message 'Invalid controller specified (favicon.ico)' in /Users/stefanooldeman/Sites/ketchup/lib/Zend/Controller/Dispatcher/Standard.php:248
Stack trace:
#0 /Users/stefanooldeman/Sites/ketchup/lib/Zend/Controller/Front.php(954): Zend_Controller_Dispatcher_Standard->dispatch(Object(Zend_Controller_Request_Http), Object(Zend_Controller_Response_Http))
#1 /Users/stefanooldeman/Sites/ketchup/lib/Zend/Application/Bootstrap/Bootstrap.php(97): Zend_Controller_Front->dispatch()
#2 /Users/stefanooldeman/Sites/ketchup/lib/Zend/Application.php(366): Zend_Application_Bootstrap_Bootstrap->run()
#3 /Users/stefanooldeman/Sites/ketchup/public/index.php(26): Zend_Application->run()
#4 {main}
2010-10-11T23:39:44+02:00 ERR (3): exception 'Zend_Controller_Dispatcher_Exception' with message 'Invalid controller specified (css)' in /Users/stefanooldeman/Sites/ketchup/lib/Zend/Controller/Dispatcher/Standard.php:248
Stack trace:
#0 /Users/stefanooldeman/Sites/ketchup/lib/Zend/Controller/Front.php(954): Zend_Controller_Dispatcher_Standard->dispatch(Object(Zend_Controller_Request_Http), Object(Zend_Controller_Response_Http))
#1 /Users/stefanooldeman/Sites/ketchup/lib/Zend/Application/Bootstrap/Bootstrap.php(97): Zend_Controller_Front->dispatch()
#2 /Users/stefanooldeman/Sites/ketchup/lib/Zend/Application.php(366): Zend_Application_Bootstrap_Bootstrap->run()
#3 /Users/stefanooldeman/Sites/ketchup/public/index.php(26): Zend_Application->run()
#4 {main}
2010-10-11T23:39:44+02:00 ERR (3): exception 'Zend_Controller_Dispatcher_Exception' with message 'Invalid controller specified (favicon.ico)' in /Users/stefanooldeman/Sites/ketchup/lib/Zend/Controller/Dispatcher/Standard.php:248
Stack trace:
#0 /Users/stefanooldeman/Sites/ketchup/lib/Zend/Controller/Front.php(954): Zend_Controller_Dispatcher_Standard->dispatch(Object(Zend_Controller_Request_Http), Object(Zend_Controller_Response_Http))
#1 /Users/stefanooldeman/Sites/ketchup/lib/Zend/Application/Bootstrap/Bootstrap.php(97): Zend_Controller_Front->dispatch()
#2 /Users/stefanooldeman/Sites/ketchup/lib/Zend/Application.php(366): Zend_Application_Bootstrap_Bootstrap->run()
#3 /Users/stefanooldeman/Sites/ketchup/public/index.php(26): Zend_Application->run()
#4 {main}
2010-10-11T23:40:55+02:00 ERR (3): exception 'Zend_Controller_Dispatcher_Exception' with message 'Invalid controller specified (favicon.ico)' in /Users/stefanooldeman/Sites/ketchup/lib/Zend/Controller/Dispatcher/Standard.php:248
Stack trace:
#0 /Users/stefanooldeman/Sites/ketchup/lib/Zend/Controller/Front.php(954): Zend_Controller_Dispatcher_Standard->dispatch(Object(Zend_Controller_Request_Http), Object(Zend_Controller_Response_Http))
#1 /Users/stefanooldeman/Sites/ketchup/lib/Zend/Application/Bootstrap/Bootstrap.php(97): Zend_Controller_Front->dispatch()
#2 /Users/stefanooldeman/Sites/ketchup/lib/Zend/Application.php(366): Zend_Application_Bootstrap_Bootstrap->run()
#3 /Users/stefanooldeman/Sites/ketchup/public/index.php(26): Zend_Application->run()
#4 {main}
2010-10-11T23:41:06+02:00 ERR (3): exception 'Zend_Controller_Dispatcher_Exception' with message 'Invalid controller specified (favicon.ico)' in /Users/stefanooldeman/Sites/ketchup/lib/Zend/Controller/Dispatcher/Standard.php:248
Stack trace:
#0 /Users/stefanooldeman/Sites/ketchup/lib/Zend/Controller/Front.php(954): Zend_Controller_Dispatcher_Standard->dispatch(Object(Zend_Controller_Request_Http), Object(Zend_Controller_Response_Http))
#1 /Users/stefanooldeman/Sites/ketchup/lib/Zend/Application/Bootstrap/Bootstrap.php(97): Zend_Controller_Front->dispatch()
#2 /Users/stefanooldeman/Sites/ketchup/lib/Zend/Application.php(366): Zend_Application_Bootstrap_Bootstrap->run()
#3 /Users/stefanooldeman/Sites/ketchup/public/index.php(26): Zend_Application->run()
#4 {main}
2010-10-11T23:41:25+02:00 ERR (3): exception 'Zend_Controller_Dispatcher_Exception' with message 'Invalid controller specified (css)' in /Users/stefanooldeman/Sites/ketchup/lib/Zend/Controller/Dispatcher/Standard.php:248
Stack trace:
#0 /Users/stefanooldeman/Sites/ketchup/lib/Zend/Controller/Front.php(954): Zend_Controller_Dispatcher_Standard->dispatch(Object(Zend_Controller_Request_Http), Object(Zend_Controller_Response_Http))
#1 /Users/stefanooldeman/Sites/ketchup/lib/Zend/Application/Bootstrap/Bootstrap.php(97): Zend_Controller_Front->dispatch()
#2 /Users/stefanooldeman/Sites/ketchup/lib/Zend/Application.php(366): Zend_Application_Bootstrap_Bootstrap->run()
#3 /Users/stefanooldeman/Sites/ketchup/public/index.php(26): Zend_Application->run()
#4 {main}
2010-10-11T23:41:25+02:00 ERR (3): exception 'Zend_Controller_Dispatcher_Exception' with message 'Invalid controller specified (favicon.ico)' in /Users/stefanooldeman/Sites/ketchup/lib/Zend/Controller/Dispatcher/Standard.php:248
Stack trace:
#0 /Users/stefanooldeman/Sites/ketchup/lib/Zend/Controller/Front.php(954): Zend_Controller_Dispatcher_Standard->dispatch(Object(Zend_Controller_Request_Http), Object(Zend_Controller_Response_Http))
#1 /Users/stefanooldeman/Sites/ketchup/lib/Zend/Application/Bootstrap/Bootstrap.php(97): Zend_Controller_Front->dispatch()
#2 /Users/stefanooldeman/Sites/ketchup/lib/Zend/Application.php(366): Zend_Application_Bootstrap_Bootstrap->run()
#3 /Users/stefanooldeman/Sites/ketchup/public/index.php(26): Zend_Application->run()
#4 {main}
2010-10-11T23:47:20+02:00 ERR (3): exception 'Zend_Controller_Dispatcher_Exception' with message 'Invalid controller specified (css)' in /Users/stefanooldeman/Sites/ketchup/lib/Zend/Controller/Dispatcher/Standard.php:248
Stack trace:
#0 /Users/stefanooldeman/Sites/ketchup/lib/Zend/Controller/Front.php(954): Zend_Controller_Dispatcher_Standard->dispatch(Object(Zend_Controller_Request_Http), Object(Zend_Controller_Response_Http))
#1 /Users/stefanooldeman/Sites/ketchup/lib/Zend/Application/Bootstrap/Bootstrap.php(97): Zend_Controller_Front->dispatch()
#2 /Users/stefanooldeman/Sites/ketchup/lib/Zend/Application.php(366): Zend_Application_Bootstrap_Bootstrap->run()
#3 /Users/stefanooldeman/Sites/ketchup/public/index.php(26): Zend_Application->run()
#4 {main}
2010-10-11T23:47:20+02:00 ERR (3): exception 'Zend_Controller_Dispatcher_Exception' with message 'Invalid controller specified (favicon.ico)' in /Users/stefanooldeman/Sites/ketchup/lib/Zend/Controller/Dispatcher/Standard.php:248
Stack trace:
#0 /Users/stefanooldeman/Sites/ketchup/lib/Zend/Controller/Front.php(954): Zend_Controller_Dispatcher_Standard->dispatch(Object(Zend_Controller_Request_Http), Object(Zend_Controller_Response_Http))
#1 /Users/stefanooldeman/Sites/ketchup/lib/Zend/Application/Bootstrap/Bootstrap.php(97): Zend_Controller_Front->dispatch()
#2 /Users/stefanooldeman/Sites/ketchup/lib/Zend/Application.php(366): Zend_Application_Bootstrap_Bootstrap->run()
#3 /Users/stefanooldeman/Sites/ketchup/public/index.php(26): Zend_Application->run()
#4 {main}
2010-10-11T23:47:38+02:00 ERR (3): exception 'Zend_Controller_Dispatcher_Exception' with message 'Invalid controller specified (css)' in /Users/stefanooldeman/Sites/ketchup/lib/Zend/Controller/Dispatcher/Standard.php:248
Stack trace:
#0 /Users/stefanooldeman/Sites/ketchup/lib/Zend/Controller/Front.php(954): Zend_Controller_Dispatcher_Standard->dispatch(Object(Zend_Controller_Request_Http), Object(Zend_Controller_Response_Http))
#1 /Users/stefanooldeman/Sites/ketchup/lib/Zend/Application/Bootstrap/Bootstrap.php(97): Zend_Controller_Front->dispatch()
#2 /Users/stefanooldeman/Sites/ketchup/lib/Zend/Application.php(366): Zend_Application_Bootstrap_Bootstrap->run()
#3 /Users/stefanooldeman/Sites/ketchup/public/index.php(26): Zend_Application->run()
#4 {main}
2010-10-11T23:47:38+02:00 ERR (3): exception 'Zend_Controller_Dispatcher_Exception' with message 'Invalid controller specified (favicon.ico)' in /Users/stefanooldeman/Sites/ketchup/lib/Zend/Controller/Dispatcher/Standard.php:248
Stack trace:
#0 /Users/stefanooldeman/Sites/ketchup/lib/Zend/Controller/Front.php(954): Zend_Controller_Dispatcher_Standard->dispatch(Object(Zend_Controller_Request_Http), Object(Zend_Controller_Response_Http))
#1 /Users/stefanooldeman/Sites/ketchup/lib/Zend/Application/Bootstrap/Bootstrap.php(97): Zend_Controller_Front->dispatch()
#2 /Users/stefanooldeman/Sites/ketchup/lib/Zend/Application.php(366): Zend_Application_Bootstrap_Bootstrap->run()
#3 /Users/stefanooldeman/Sites/ketchup/public/index.php(26): Zend_Application->run()
#4 {main}
2010-10-11T23:47:58+02:00 ERR (3): exception 'Zend_Controller_Dispatcher_Exception' with message 'Invalid controller specified (favicon.ico)' in /Users/stefanooldeman/Sites/ketchup/lib/Zend/Controller/Dispatcher/Standard.php:248
Stack trace:
#0 /Users/stefanooldeman/Sites/ketchup/lib/Zend/Controller/Front.php(954): Zend_Controller_Dispatcher_Standard->dispatch(Object(Zend_Controller_Request_Http), Object(Zend_Controller_Response_Http))
#1 /Users/stefanooldeman/Sites/ketchup/lib/Zend/Application/Bootstrap/Bootstrap.php(97): Zend_Controller_Front->dispatch()
#2 /Users/stefanooldeman/Sites/ketchup/lib/Zend/Application.php(366): Zend_Application_Bootstrap_Bootstrap->run()
#3 /Users/stefanooldeman/Sites/ketchup/public/index.php(26): Zend_Application->run()
#4 {main}
2010-10-11T23:55:04+02:00 ERR (3): exception 'Zend_Controller_Dispatcher_Exception' with message 'Invalid controller specified (favicon.ico)' in /Users/stefanooldeman/Sites/ketchup/lib/Zend/Controller/Dispatcher/Standard.php:248
Stack trace:
#0 /Users/stefanooldeman/Sites/ketchup/lib/Zend/Controller/Front.php(954): Zend_Controller_Dispatcher_Standard->dispatch(Object(Zend_Controller_Request_Http), Object(Zend_Controller_Response_Http))
#1 /Users/stefanooldeman/Sites/ketchup/lib/Zend/Application/Bootstrap/Bootstrap.php(97): Zend_Controller_Front->dispatch()
#2 /Users/stefanooldeman/Sites/ketchup/lib/Zend/Application.php(366): Zend_Application_Bootstrap_Bootstrap->run()
#3 /Users/stefanooldeman/Sites/ketchup/public/index.php(26): Zend_Application->run()
#4 {main}
2010-10-11T23:55:23+02:00 ERR (3): exception 'Zend_Controller_Dispatcher_Exception' with message 'Invalid controller specified (favicon.ico)' in /Users/stefanooldeman/Sites/ketchup/lib/Zend/Controller/Dispatcher/Standard.php:248
Stack trace:
#0 /Users/stefanooldeman/Sites/ketchup/lib/Zend/Controller/Front.php(954): Zend_Controller_Dispatcher_Standard->dispatch(Object(Zend_Controller_Request_Http), Object(Zend_Controller_Response_Http))
#1 /Users/stefanooldeman/Sites/ketchup/lib/Zend/Application/Bootstrap/Bootstrap.php(97): Zend_Controller_Front->dispatch()
#2 /Users/stefanooldeman/Sites/ketchup/lib/Zend/Application.php(366): Zend_Application_Bootstrap_Bootstrap->run()
#3 /Users/stefanooldeman/Sites/ketchup/public/index.php(26): Zend_Application->run()
#4 {main}
2010-10-11T23:55:47+02:00 ERR (3): exception 'Zend_Controller_Dispatcher_Exception' with message 'Invalid controller specified (css)' in /Users/stefanooldeman/Sites/ketchup/lib/Zend/Controller/Dispatcher/Standard.php:248
Stack trace:
#0 /Users/stefanooldeman/Sites/ketchup/lib/Zend/Controller/Front.php(954): Zend_Controller_Dispatcher_Standard->dispatch(Object(Zend_Controller_Request_Http), Object(Zend_Controller_Response_Http))
#1 /Users/stefanooldeman/Sites/ketchup/lib/Zend/Application/Bootstrap/Bootstrap.php(97): Zend_Controller_Front->dispatch()
#2 /Users/stefanooldeman/Sites/ketchup/lib/Zend/Application.php(366): Zend_Application_Bootstrap_Bootstrap->run()
#3 /Users/stefanooldeman/Sites/ketchup/public/index.php(26): Zend_Application->run()
#4 {main}
2010-10-11T23:55:47+02:00 ERR (3): exception 'Zend_Controller_Dispatcher_Exception' with message 'Invalid controller specified (favicon.ico)' in /Users/stefanooldeman/Sites/ketchup/lib/Zend/Controller/Dispatcher/Standard.php:248
Stack trace:
#0 /Users/stefanooldeman/Sites/ketchup/lib/Zend/Controller/Front.php(954): Zend_Controller_Dispatcher_Standard->dispatch(Object(Zend_Controller_Request_Http), Object(Zend_Controller_Response_Http))
#1 /Users/stefanooldeman/Sites/ketchup/lib/Zend/Application/Bootstrap/Bootstrap.php(97): Zend_Controller_Front->dispatch()
#2 /Users/stefanooldeman/Sites/ketchup/lib/Zend/Application.php(366): Zend_Application_Bootstrap_Bootstrap->run()
#3 /Users/stefanooldeman/Sites/ketchup/public/index.php(26): Zend_Application->run()
#4 {main}
2010-10-11T23:56:02+02:00 ERR (3): exception 'Zend_Controller_Dispatcher_Exception' with message 'Invalid controller specified (favicon.ico)' in /Users/stefanooldeman/Sites/ketchup/lib/Zend/Controller/Dispatcher/Standard.php:248
Stack trace:
#0 /Users/stefanooldeman/Sites/ketchup/lib/Zend/Controller/Front.php(954): Zend_Controller_Dispatcher_Standard->dispatch(Object(Zend_Controller_Request_Http), Object(Zend_Controller_Response_Http))
#1 /Users/stefanooldeman/Sites/ketchup/lib/Zend/Application/Bootstrap/Bootstrap.php(97): Zend_Controller_Front->dispatch()
#2 /Users/stefanooldeman/Sites/ketchup/lib/Zend/Application.php(366): Zend_Application_Bootstrap_Bootstrap->run()
#3 /Users/stefanooldeman/Sites/ketchup/public/index.php(26): Zend_Application->run()
#4 {main}
2010-10-11T23:58:55+02:00 ERR (3): exception 'Zend_Controller_Dispatcher_Exception' with message 'Invalid controller specified (css)' in /Users/stefanooldeman/Sites/ketchup/lib/Zend/Controller/Dispatcher/Standard.php:248
Stack trace:
#0 /Users/stefanooldeman/Sites/ketchup/lib/Zend/Controller/Front.php(954): Zend_Controller_Dispatcher_Standard->dispatch(Object(Zend_Controller_Request_Http), Object(Zend_Controller_Response_Http))
#1 /Users/stefanooldeman/Sites/ketchup/lib/Zend/Application/Bootstrap/Bootstrap.php(97): Zend_Controller_Front->dispatch()
#2 /Users/stefanooldeman/Sites/ketchup/lib/Zend/Application.php(366): Zend_Application_Bootstrap_Bootstrap->run()
#3 /Users/stefanooldeman/Sites/ketchup/public/index.php(26): Zend_Application->run()
#4 {main}
2010-10-11T23:58:55+02:00 ERR (3): exception 'Zend_Controller_Dispatcher_Exception' with message 'Invalid controller specified (favicon.ico)' in /Users/stefanooldeman/Sites/ketchup/lib/Zend/Controller/Dispatcher/Standard.php:248
Stack trace:
#0 /Users/stefanooldeman/Sites/ketchup/lib/Zend/Controller/Front.php(954): Zend_Controller_Dispatcher_Standard->dispatch(Object(Zend_Controller_Request_Http), Object(Zend_Controller_Response_Http))
#1 /Users/stefanooldeman/Sites/ketchup/lib/Zend/Application/Bootstrap/Bootstrap.php(97): Zend_Controller_Front->dispatch()
#2 /Users/stefanooldeman/Sites/ketchup/lib/Zend/Application.php(366): Zend_Application_Bootstrap_Bootstrap->run()
#3 /Users/stefanooldeman/Sites/ketchup/public/index.php(26): Zend_Application->run()
#4 {main}
2010-10-11T23:59:32+02:00 ERR (3): exception 'Zend_Controller_Dispatcher_Exception' with message 'Invalid controller specified (css)' in /Users/stefanooldeman/Sites/ketchup/lib/Zend/Controller/Dispatcher/Standard.php:248
Stack trace:
#0 /Users/stefanooldeman/Sites/ketchup/lib/Zend/Controller/Front.php(954): Zend_Controller_Dispatcher_Standard->dispatch(Object(Zend_Controller_Request_Http), Object(Zend_Controller_Response_Http))
#1 /Users/stefanooldeman/Sites/ketchup/lib/Zend/Application/Bootstrap/Bootstrap.php(97): Zend_Controller_Front->dispatch()
#2 /Users/stefanooldeman/Sites/ketchup/lib/Zend/Application.php(366): Zend_Application_Bootstrap_Bootstrap->run()
#3 /Users/stefanooldeman/Sites/ketchup/public/index.php(26): Zend_Application->run()
#4 {main}
2010-10-11T23:59:32+02:00 ERR (3): exception 'Zend_Controller_Dispatcher_Exception' with message 'Invalid controller specified (favicon.ico)' in /Users/stefanooldeman/Sites/ketchup/lib/Zend/Controller/Dispatcher/Standard.php:248
Stack trace:
#0 /Users/stefanooldeman/Sites/ketchup/lib/Zend/Controller/Front.php(954): Zend_Controller_Dispatcher_Standard->dispatch(Object(Zend_Controller_Request_Http), Object(Zend_Controller_Response_Http))
#1 /Users/stefanooldeman/Sites/ketchup/lib/Zend/Application/Bootstrap/Bootstrap.php(97): Zend_Controller_Front->dispatch()
#2 /Users/stefanooldeman/Sites/ketchup/lib/Zend/Application.php(366): Zend_Application_Bootstrap_Bootstrap->run()
#3 /Users/stefanooldeman/Sites/ketchup/public/index.php(26): Zend_Application->run()
#4 {main}
2010-10-11T23:59:40+02:00 ERR (3): exception 'Zend_Controller_Dispatcher_Exception' with message 'Invalid controller specified (css)' in /Users/stefanooldeman/Sites/ketchup/lib/Zend/Controller/Dispatcher/Standard.php:248
Stack trace:
#0 /Users/stefanooldeman/Sites/ketchup/lib/Zend/Controller/Front.php(954): Zend_Controller_Dispatcher_Standard->dispatch(Object(Zend_Controller_Request_Http), Object(Zend_Controller_Response_Http))
#1 /Users/stefanooldeman/Sites/ketchup/lib/Zend/Application/Bootstrap/Bootstrap.php(97): Zend_Controller_Front->dispatch()
#2 /Users/stefanooldeman/Sites/ketchup/lib/Zend/Application.php(366): Zend_Application_Bootstrap_Bootstrap->run()
#3 /Users/stefanooldeman/Sites/ketchup/public/index.php(26): Zend_Application->run()
#4 {main}
2010-10-11T23:59:41+02:00 ERR (3): exception 'Zend_Controller_Dispatcher_Exception' with message 'Invalid controller specified (favicon.ico)' in /Users/stefanooldeman/Sites/ketchup/lib/Zend/Controller/Dispatcher/Standard.php:248
Stack trace:
#0 /Users/stefanooldeman/Sites/ketchup/lib/Zend/Controller/Front.php(954): Zend_Controller_Dispatcher_Standard->dispatch(Object(Zend_Controller_Request_Http), Object(Zend_Controller_Response_Http))
#1 /Users/stefanooldeman/Sites/ketchup/lib/Zend/Application/Bootstrap/Bootstrap.php(97): Zend_Controller_Front->dispatch()
#2 /Users/stefanooldeman/Sites/ketchup/lib/Zend/Application.php(366): Zend_Application_Bootstrap_Bootstrap->run()
#3 /Users/stefanooldeman/Sites/ketchup/public/index.php(26): Zend_Application->run()
#4 {main}
2010-10-11T23:59:51+02:00 ERR (3): exception 'Zend_Controller_Dispatcher_Exception' with message 'Invalid controller specified (css)' in /Users/stefanooldeman/Sites/ketchup/lib/Zend/Controller/Dispatcher/Standard.php:248
Stack trace:
#0 /Users/stefanooldeman/Sites/ketchup/lib/Zend/Controller/Front.php(954): Zend_Controller_Dispatcher_Standard->dispatch(Object(Zend_Controller_Request_Http), Object(Zend_Controller_Response_Http))
#1 /Users/stefanooldeman/Sites/ketchup/lib/Zend/Application/Bootstrap/Bootstrap.php(97): Zend_Controller_Front->dispatch()
#2 /Users/stefanooldeman/Sites/ketchup/lib/Zend/Application.php(366): Zend_Application_Bootstrap_Bootstrap->run()
#3 /Users/stefanooldeman/Sites/ketchup/public/index.php(26): Zend_Application->run()
#4 {main}
2010-10-11T23:59:51+02:00 ERR (3): exception 'Zend_Controller_Dispatcher_Exception' with message 'Invalid controller specified (favicon.ico)' in /Users/stefanooldeman/Sites/ketchup/lib/Zend/Controller/Dispatcher/Standard.php:248
Stack trace:
#0 /Users/stefanooldeman/Sites/ketchup/lib/Zend/Controller/Front.php(954): Zend_Controller_Dispatcher_Standard->dispatch(Object(Zend_Controller_Request_Http), Object(Zend_Controller_Response_Http))
#1 /Users/stefanooldeman/Sites/ketchup/lib/Zend/Application/Bootstrap/Bootstrap.php(97): Zend_Controller_Front->dispatch()
#2 /Users/stefanooldeman/Sites/ketchup/lib/Zend/Application.php(366): Zend_Application_Bootstrap_Bootstrap->run()
#3 /Users/stefanooldeman/Sites/ketchup/public/index.php(26): Zend_Application->run()
#4 {main}
2010-10-12T00:00:15+02:00 ERR (3): exception 'Zend_Controller_Dispatcher_Exception' with message 'Invalid controller specified (css)' in /Users/stefanooldeman/Sites/ketchup/lib/Zend/Controller/Dispatcher/Standard.php:248
Stack trace:
#0 /Users/stefanooldeman/Sites/ketchup/lib/Zend/Controller/Front.php(954): Zend_Controller_Dispatcher_Standard->dispatch(Object(Zend_Controller_Request_Http), Object(Zend_Controller_Response_Http))
#1 /Users/stefanooldeman/Sites/ketchup/lib/Zend/Application/Bootstrap/Bootstrap.php(97): Zend_Controller_Front->dispatch()
#2 /Users/stefanooldeman/Sites/ketchup/lib/Zend/Application.php(366): Zend_Application_Bootstrap_Bootstrap->run()
#3 /Users/stefanooldeman/Sites/ketchup/public/index.php(26): Zend_Application->run()
#4 {main}
2010-10-12T00:00:16+02:00 ERR (3): exception 'Zend_Controller_Dispatcher_Exception' with message 'Invalid controller specified (favicon.ico)' in /Users/stefanooldeman/Sites/ketchup/lib/Zend/Controller/Dispatcher/Standard.php:248
Stack trace:
#0 /Users/stefanooldeman/Sites/ketchup/lib/Zend/Controller/Front.php(954): Zend_Controller_Dispatcher_Standard->dispatch(Object(Zend_Controller_Request_Http), Object(Zend_Controller_Response_Http))
#1 /Users/stefanooldeman/Sites/ketchup/lib/Zend/Application/Bootstrap/Bootstrap.php(97): Zend_Controller_Front->dispatch()
#2 /Users/stefanooldeman/Sites/ketchup/lib/Zend/Application.php(366): Zend_Application_Bootstrap_Bootstrap->run()
#3 /Users/stefanooldeman/Sites/ketchup/public/index.php(26): Zend_Application->run()
#4 {main}
2010-10-12T00:00:22+02:00 ERR (3): exception 'Zend_Controller_Dispatcher_Exception' with message 'Invalid controller specified (css)' in /Users/stefanooldeman/Sites/ketchup/lib/Zend/Controller/Dispatcher/Standard.php:248
Stack trace:
#0 /Users/stefanooldeman/Sites/ketchup/lib/Zend/Controller/Front.php(954): Zend_Controller_Dispatcher_Standard->dispatch(Object(Zend_Controller_Request_Http), Object(Zend_Controller_Response_Http))
#1 /Users/stefanooldeman/Sites/ketchup/lib/Zend/Application/Bootstrap/Bootstrap.php(97): Zend_Controller_Front->dispatch()
#2 /Users/stefanooldeman/Sites/ketchup/lib/Zend/Application.php(366): Zend_Application_Bootstrap_Bootstrap->run()
#3 /Users/stefanooldeman/Sites/ketchup/public/index.php(26): Zend_Application->run()
#4 {main}
2010-10-12T00:00:22+02:00 ERR (3): exception 'Zend_Controller_Dispatcher_Exception' with message 'Invalid controller specified (favicon.ico)' in /Users/stefanooldeman/Sites/ketchup/lib/Zend/Controller/Dispatcher/Standard.php:248
Stack trace:
#0 /Users/stefanooldeman/Sites/ketchup/lib/Zend/Controller/Front.php(954): Zend_Controller_Dispatcher_Standard->dispatch(Object(Zend_Controller_Request_Http), Object(Zend_Controller_Response_Http))
#1 /Users/stefanooldeman/Sites/ketchup/lib/Zend/Application/Bootstrap/Bootstrap.php(97): Zend_Controller_Front->dispatch()
#2 /Users/stefanooldeman/Sites/ketchup/lib/Zend/Application.php(366): Zend_Application_Bootstrap_Bootstrap->run()
#3 /Users/stefanooldeman/Sites/ketchup/public/index.php(26): Zend_Application->run()
#4 {main}
2010-10-12T00:00:53+02:00 ERR (3): exception 'Zend_Controller_Dispatcher_Exception' with message 'Invalid controller specified (css)' in /Users/stefanooldeman/Sites/ketchup/lib/Zend/Controller/Dispatcher/Standard.php:248
Stack trace:
#0 /Users/stefanooldeman/Sites/ketchup/lib/Zend/Controller/Front.php(954): Zend_Controller_Dispatcher_Standard->dispatch(Object(Zend_Controller_Request_Http), Object(Zend_Controller_Response_Http))
#1 /Users/stefanooldeman/Sites/ketchup/lib/Zend/Application/Bootstrap/Bootstrap.php(97): Zend_Controller_Front->dispatch()
#2 /Users/stefanooldeman/Sites/ketchup/lib/Zend/Application.php(366): Zend_Application_Bootstrap_Bootstrap->run()
#3 /Users/stefanooldeman/Sites/ketchup/public/index.php(26): Zend_Application->run()
#4 {main}
2010-10-12T00:00:56+02:00 ERR (3): exception 'Zend_Controller_Dispatcher_Exception' with message 'Invalid controller specified (favicon.ico)' in /Users/stefanooldeman/Sites/ketchup/lib/Zend/Controller/Dispatcher/Standard.php:248
Stack trace:
#0 /Users/stefanooldeman/Sites/ketchup/lib/Zend/Controller/Front.php(954): Zend_Controller_Dispatcher_Standard->dispatch(Object(Zend_Controller_Request_Http), Object(Zend_Controller_Response_Http))
#1 /Users/stefanooldeman/Sites/ketchup/lib/Zend/Application/Bootstrap/Bootstrap.php(97): Zend_Controller_Front->dispatch()
#2 /Users/stefanooldeman/Sites/ketchup/lib/Zend/Application.php(366): Zend_Application_Bootstrap_Bootstrap->run()
#3 /Users/stefanooldeman/Sites/ketchup/public/index.php(26): Zend_Application->run()
#4 {main}
2010-10-12T00:03:05+02:00 ERR (3): exception 'Zend_Controller_Dispatcher_Exception' with message 'Invalid controller specified (css)' in /Users/stefanooldeman/Sites/ketchup/lib/Zend/Controller/Dispatcher/Standard.php:248
Stack trace:
#0 /Users/stefanooldeman/Sites/ketchup/lib/Zend/Controller/Front.php(954): Zend_Controller_Dispatcher_Standard->dispatch(Object(Zend_Controller_Request_Http), Object(Zend_Controller_Response_Http))
#1 /Users/stefanooldeman/Sites/ketchup/lib/Zend/Application/Bootstrap/Bootstrap.php(97): Zend_Controller_Front->dispatch()
#2 /Users/stefanooldeman/Sites/ketchup/lib/Zend/Application.php(366): Zend_Application_Bootstrap_Bootstrap->run()
#3 /Users/stefanooldeman/Sites/ketchup/public/index.php(26): Zend_Application->run()
#4 {main}
2010-10-12T00:03:05+02:00 ERR (3): exception 'Zend_Controller_Dispatcher_Exception' with message 'Invalid controller specified (favicon.ico)' in /Users/stefanooldeman/Sites/ketchup/lib/Zend/Controller/Dispatcher/Standard.php:248
Stack trace:
#0 /Users/stefanooldeman/Sites/ketchup/lib/Zend/Controller/Front.php(954): Zend_Controller_Dispatcher_Standard->dispatch(Object(Zend_Controller_Request_Http), Object(Zend_Controller_Response_Http))
#1 /Users/stefanooldeman/Sites/ketchup/lib/Zend/Application/Bootstrap/Bootstrap.php(97): Zend_Controller_Front->dispatch()
#2 /Users/stefanooldeman/Sites/ketchup/lib/Zend/Application.php(366): Zend_Application_Bootstrap_Bootstrap->run()
#3 /Users/stefanooldeman/Sites/ketchup/public/index.php(26): Zend_Application->run()
#4 {main}
